Using pre-set license
Built from '2022.3/staging' branch; Version is '2022.3.17f1 (4fc78088f837) revision 5228416'; Using compiler version '192829333'; Build Type 'Release'
OS: 'Windows 11  (10.0.22621) 64bit Core' Language: 'en' Physical Memory: 32694 MB
BatchMode: 1, IsHumanControllingUs: 0, StartBugReporterOnCrash: 0, Is64bit: 1, IsPro: 1

COMMAND LINE ARGUMENTS:
C:\Program Files\Unity 2022.3.17f1\Editor\Unity.exe
-adb2
-batchMode
-noUpm
-name
AssetImportWorker1
-projectPath
C:/Users/bonil/GitHub/PlatformingGameCS383/CS383-Platformer-TL6
-logFile
Logs/AssetImportWorker1.log
-srvPort
50162
Successfully changed project path to: C:/Users/bonil/GitHub/PlatformingGameCS383/CS383-Platformer-TL6
C:/Users/bonil/GitHub/PlatformingGameCS383/CS383-Platformer-TL6
[UnityMemory] Configuration Parameters - Can be set up in boot.config
    "memorysetup-bucket-allocator-granularity=16"
    "memorysetup-bucket-allocator-bucket-count=8"
    "memorysetup-bucket-allocator-block-size=33554432"
    "memorysetup-bucket-allocator-block-count=8"
    "memorysetup-main-allocator-block-size=16777216"
    "memorysetup-thread-allocator-block-size=16777216"
    "memorysetup-gfx-main-allocator-block-size=16777216"
    "memorysetup-gfx-thread-allocator-block-size=16777216"
    "memorysetup-cache-allocator-block-size=4194304"
    "memorysetup-typetree-allocator-block-size=2097152"
    "memorysetup-profiler-bucket-allocator-granularity=16"
    "memorysetup-profiler-bucket-allocator-bucket-count=8"
    "memorysetup-profiler-bucket-allocator-block-size=33554432"
    "memorysetup-profiler-bucket-allocator-block-count=8"
    "memorysetup-profiler-allocator-block-size=16777216"
    "memorysetup-profiler-editor-allocator-block-size=1048576"
    "memorysetup-temp-allocator-size-main=16777216"
    "memorysetup-job-temp-allocator-block-size=2097152"
    "memorysetup-job-temp-allocator-block-size-background=1048576"
    "memorysetup-job-temp-allocator-reduction-small-platforms=262144"
    "memorysetup-allocator-temp-initial-block-size-main=262144"
    "memorysetup-allocator-temp-initial-block-size-worker=262144"
    "memorysetup-temp-allocator-size-background-worker=32768"
    "memorysetup-temp-allocator-size-job-worker=262144"
    "memorysetup-temp-allocator-size-preload-manager=33554432"
    "memorysetup-temp-allocator-size-nav-mesh-worker=65536"
    "memorysetup-temp-allocator-size-audio-worker=65536"
    "memorysetup-temp-allocator-size-cloud-worker=32768"
    "memorysetup-temp-allocator-size-gi-baking-worker=262144"
    "memorysetup-temp-allocator-size-gfx=262144"
Player connection [17620] Host "[IP] 192.168.254.13 [Port] 0 [Flags] 2 [Guid] 2305996916 [EditorId] 2305996916 [Version] 1048832 [Id] WindowsEditor(7,DESKTOP-N84QK20) [Debug] 1 [PackageName] WindowsEditor [ProjectName] Editor" joined multi-casting on [225.0.0.222:54997]...

Player connection [17620] Host "[IP] 192.168.254.13 [Port] 0 [Flags] 2 [Guid] 2305996916 [EditorId] 2305996916 [Version] 1048832 [Id] WindowsEditor(7,DESKTOP-N84QK20) [Debug] 1 [PackageName] WindowsEditor [ProjectName] Editor" joined alternative multi-casting on [225.0.0.222:34997]...

[Physics::Module] Initialized MultithreadedJobDispatcher with 15 workers.
Refreshing native plugins compatible for Editor in 11.03 ms, found 4 plugins.
Preloading 0 native plugins for Editor in 0.00 ms.
Initialize engine version: 2022.3.17f1 (4fc78088f837)
[Subsystems] Discovering subsystems at path C:/Program Files/Unity 2022.3.17f1/Editor/Data/Resources/UnitySubsystems
[Subsystems] Discovering subsystems at path C:/Users/bonil/GitHub/PlatformingGameCS383/CS383-Platformer-TL6/Assets
GfxDevice: creating device client; threaded=0; jobified=0
Direct3D:
    Version:  Direct3D 11.0 [level 11.1]
    Renderer: NVIDIA GeForce RTX 4060 Ti (ID=0x2803)
    Vendor:   NVIDIA
    VRAM:     7949 MB
    Driver:   31.0.15.5176
Initialize mono
Mono path[0] = 'C:/Program Files/Unity 2022.3.17f1/Editor/Data/Managed'
Mono path[1] = 'C:/Program Files/Unity 2022.3.17f1/Editor/Data/MonoBleedingEdge/lib/mono/unityjit-win32'
Mono config path = 'C:/Program Files/Unity 2022.3.17f1/Editor/Data/MonoBleedingEdge/etc'
Using monoOptions --debugger-agent=transport=dt_socket,embedding=1,server=y,suspend=n,address=127.0.0.1:56000
Begin MonoManager ReloadAssembly
Registering precompiled unity dll's ...
Register platform support module: C:/Program Files/Unity 2022.3.17f1/Editor/Data/PlaybackEngines/WindowsStandaloneSupport/UnityEditor.WindowsStandalone.Extensions.dll
Registered in 0.007564 seconds.
- Loaded All Assemblies, in  0.689 seconds
Native extension for WindowsStandalone target not found
Mono: successfully reloaded assembly
- Finished resetting the current domain, in  0.367 seconds
Domain Reload Profiling: 1053ms
	BeginReloadAssembly (265ms)
		ExecutionOrderSort (0ms)
		DisableScriptedObjects (0ms)
		BackupInstance (0ms)
		ReleaseScriptingObjects (0ms)
		CreateAndSetChildDomain (1ms)
	RebuildCommonClasses (71ms)
	RebuildNativeTypeToScriptingClass (13ms)
	initialDomainReloadingComplete (91ms)
	LoadAllAssembliesAndSetupDomain (245ms)
		LoadAssemblies (263ms)
		RebuildTransferFunctionScriptingTraits (0ms)
		AnalyzeDomain (240ms)
			TypeCache.Refresh (239ms)
				TypeCache.ScanAssembly (219ms)
			ScanForSourceGeneratedMonoScriptInfo (0ms)
			ResolveRequiredComponents (1ms)
	FinalizeReload (367ms)
		ReleaseScriptCaches (0ms)
		RebuildScriptCaches (0ms)
		SetupLoadedEditorAssemblies (292ms)
			LogAssemblyErrors (0ms)
			InitializePlatformSupportModulesInManaged (10ms)
			SetLoadedEditorAssemblies (9ms)
			RefreshPlugins (0ms)
			BeforeProcessingInitializeOnLoad (3ms)
			ProcessInitializeOnLoadAttributes (201ms)
			ProcessInitializeOnLoadMethodAttributes (69ms)
			AfterProcessingInitializeOnLoad (0ms)
			EditorAssembliesLoaded (0ms)
		ExecutionOrderSort2 (0ms)
		AwakeInstancesAfterBackupRestoration (0ms)
========================================================================
Worker process is ready to serve import requests
Begin MonoManager ReloadAssembly
- Loaded All Assemblies, in  1.189 seconds
Refreshing native plugins compatible for Editor in 4.63 ms, found 4 plugins.
Native extension for WindowsStandalone target not found
Package Manager log level set to [2]
[Package Manager] Server::EnsureServerProcessIsRunning -- launch failed, reason: Unity was launched with the -noUpm command-line argument
[Package Manager] UpmClient::Send -- Unable to send message (not connected to UPM process).
[Package Manager] Cannot connect to Unity Package Manager local server
Mono: successfully reloaded assembly
- Finished resetting the current domain, in  0.722 seconds
Domain Reload Profiling: 1907ms
	BeginReloadAssembly (224ms)
		ExecutionOrderSort (0ms)
		DisableScriptedObjects (8ms)
		BackupInstance (0ms)
		ReleaseScriptingObjects (0ms)
		CreateAndSetChildDomain (26ms)
	RebuildCommonClasses (46ms)
	RebuildNativeTypeToScriptingClass (16ms)
	initialDomainReloadingComplete (60ms)
	LoadAllAssembliesAndSetupDomain (838ms)
		LoadAssemblies (683ms)
		RebuildTransferFunctionScriptingTraits (0ms)
		AnalyzeDomain (301ms)
			TypeCache.Refresh (269ms)
				TypeCache.ScanAssembly (249ms)
			ScanForSourceGeneratedMonoScriptInfo (25ms)
			ResolveRequiredComponents (5ms)
	FinalizeReload (723ms)
		ReleaseScriptCaches (0ms)
		RebuildScriptCaches (0ms)
		SetupLoadedEditorAssemblies (540ms)
			LogAssemblyErrors (0ms)
			InitializePlatformSupportModulesInManaged (6ms)
			SetLoadedEditorAssemblies (4ms)
			RefreshPlugins (0ms)
			BeforeProcessingInitializeOnLoad (75ms)
			ProcessInitializeOnLoadAttributes (399ms)
			ProcessInitializeOnLoadMethodAttributes (49ms)
			AfterProcessingInitializeOnLoad (6ms)
			EditorAssembliesLoaded (0ms)
		ExecutionOrderSort2 (0ms)
		AwakeInstancesAfterBackupRestoration (9ms)
Launched and connected shader compiler UnityShaderCompiler.exe after 0.06 seconds
Refreshing native plugins compatible for Editor in 4.54 ms, found 4 plugins.
Preloading 0 native plugins for Editor in 0.00 ms.
Unloading 4027 Unused Serialized files (Serialized files now loaded: 0)
Unloading 70 unused Assets / (244.6 KB). Loaded Objects now: 4483.
Memory consumption went from 145.3 MB to 145.0 MB.
Total: 3.627500 ms (FindLiveObjects: 0.326100 ms CreateObjectMapping: 0.102600 ms MarkObjects: 2.980100 ms  DeleteObjects: 0.217300 ms)

AssetImportParameters requested are different than current active one (requested -> active):
  custom:container-demuxer-ogg: 62fdf1f143b41e24485cea50d1cbac27 -> 
  custom:video-decoder-ogg-theora: a1e56fd34408186e4bbccfd4996cb3dc -> 
  custom:framework-win-MediaFoundation: 216162199b28c13a410421893ffa2e32 -> 
  custom:CustomObjectIndexerAttribute: 6d391050e5a25f67b0a2c618074f2cd9 -> 
  custom:container-demuxer-webm: 4f35f7cbe854078d1ac9338744f61a02 -> 
  custom:container-muxer-webm: aa71ff27fc2769a1b78a27578f13a17b -> 
  custom:video-decoder-webm-vp8: 9c59270c3fd7afecdb556c50c9e8de78 -> 
  custom:SearchIndexIgnoredProperties: e643bd26f0fe6173181afceb89e7c659 -> 
  custom:AudioImporter_EditorPlatform: d09bf68614088b80899f8185d706f6e7 -> 
  custom:video-encoder-webm-vp8: eb34c28f22e8b96e1ab97ce403110664 -> 
  custom:audio-decoder-ogg-vorbis: bf7c407c2cedff20999df2af8eb42d56 -> 
  custom:audio-encoder-webm-vorbis: bf7c407c2cedff20999df2af8eb42d56 -> 
========================================================================
Received Import Request.
  Time since last request: 22272.706889 seconds.
  path: Assets/BigManJD/Platformer Tileset - Pixelart Grasslands/Sprites/Textures/Tiles/DirtTiles.png
  artifactKey: Guid(2cb0922d13bcfab43a62fe77f23ab602) Importer(815301076,1909f56bfc062723c751e8b465ee728b)
Start importing Assets/BigManJD/Platformer Tileset - Pixelart Grasslands/Sprites/Textures/Tiles/DirtTiles.png using Guid(2cb0922d13bcfab43a62fe77f23ab602) Importer(815301076,1909f56bfc062723c751e8b465ee728b)  -> (artifact id: 'b2800f785c996375ff75282558306ad3') in 0.338904 seconds
Number of updated asset objects reloaded before import = 0
Number of asset objects unloaded after import = 102
========================================================================
Received Import Request.
  Time since last request: 3.379355 seconds.
  path: Assets/BigManJD/Platformer Tileset - Pixelart Grasslands/Tile Palette/Tiles/DirtBackgroundTiles_1.asset
  artifactKey: Guid(85776555350a0404ead4738c9c1296bd) Importer(815301076,1909f56bfc062723c751e8b465ee728b)
Start importing Assets/BigManJD/Platformer Tileset - Pixelart Grasslands/Tile Palette/Tiles/DirtBackgroundTiles_1.asset using Guid(85776555350a0404ead4738c9c1296bd) Importer(815301076,1909f56bfc062723c751e8b465ee728b)  -> (artifact id: 'd1e88b6ae44f3b84f23166694ec4668b') in 0.015695 seconds
Number of updated asset objects reloaded before import = 0
Number of asset objects unloaded after import = 3
========================================================================
Received Import Request.
  Time since last request: 0.003442 seconds.
  path: Assets/BigManJD/Platformer Tileset - Pixelart Grasslands/Tile Palette/Tiles/DirtBackgroundTiles_3.asset
  artifactKey: Guid(ec5342ee332bc5a49a0e66a52ef977a6) Importer(815301076,1909f56bfc062723c751e8b465ee728b)
Start importing Assets/BigManJD/Platformer Tileset - Pixelart Grasslands/Tile Palette/Tiles/DirtBackgroundTiles_3.asset using Guid(ec5342ee332bc5a49a0e66a52ef977a6) Importer(815301076,1909f56bfc062723c751e8b465ee728b)  -> (artifact id: '87299c6522f2842d4d4b05800d302a33') in 0.011002 seconds
Number of updated asset objects reloaded before import = 0
Number of asset objects unloaded after import = 3
========================================================================
Received Import Request.
  Time since last request: 0.000020 seconds.
  path: Assets/BigManJD/Platformer Tileset - Pixelart Grasslands/Tile Palette/Tiles/DirtBackgroundTiles_9.asset
  artifactKey: Guid(d7b7b4f9c9663cf48b9af6eee6ea109f) Importer(815301076,1909f56bfc062723c751e8b465ee728b)
Start importing Assets/BigManJD/Platformer Tileset - Pixelart Grasslands/Tile Palette/Tiles/DirtBackgroundTiles_9.asset using Guid(d7b7b4f9c9663cf48b9af6eee6ea109f) Importer(815301076,1909f56bfc062723c751e8b465ee728b)  -> (artifact id: '5291511c67b9d2ae83c016b048857ef3') in 0.011023 seconds
Number of updated asset objects reloaded before import = 0
Number of asset objects unloaded after import = 3
========================================================================
Received Import Request.
  Time since last request: 0.000027 seconds.
  path: Assets/BigManJD/Platformer Tileset - Pixelart Grasslands/Tile Palette/Tiles/DirtBackgroundTiles_27.asset
  artifactKey: Guid(d009e9c6c73202047b31255aefc60e65) Importer(815301076,1909f56bfc062723c751e8b465ee728b)
Start importing Assets/BigManJD/Platformer Tileset - Pixelart Grasslands/Tile Palette/Tiles/DirtBackgroundTiles_27.asset using Guid(d009e9c6c73202047b31255aefc60e65) Importer(815301076,1909f56bfc062723c751e8b465ee728b)  -> (artifact id: 'd694c6c42d94b6254d7f71d1edb9fd58') in 0.006354 seconds
Number of updated asset objects reloaded before import = 0
Number of asset objects unloaded after import = 3
========================================================================
Received Import Request.
  Time since last request: 0.000034 seconds.
  path: Assets/BigManJD/Platformer Tileset - Pixelart Grasslands/Tile Palette/Tiles/DirtBackgroundTiles_22.asset
  artifactKey: Guid(a1c648880d9137a48a1f5726a3d9baa2) Importer(815301076,1909f56bfc062723c751e8b465ee728b)
Start importing Assets/BigManJD/Platformer Tileset - Pixelart Grasslands/Tile Palette/Tiles/DirtBackgroundTiles_22.asset using Guid(a1c648880d9137a48a1f5726a3d9baa2) Importer(815301076,1909f56bfc062723c751e8b465ee728b)  -> (artifact id: '4bcb3e7faf3ccddef888317593b8ee41') in 0.011432 seconds
Number of updated asset objects reloaded before import = 0
Number of asset objects unloaded after import = 3
========================================================================
Received Import Request.
  Time since last request: 0.000019 seconds.
  path: Assets/BigManJD/Platformer Tileset - Pixelart Grasslands/Tile Palette/Tiles/DirtTiles_5.asset
  artifactKey: Guid(01757a4546b5ecb46894344a9526588d) Importer(815301076,1909f56bfc062723c751e8b465ee728b)
Start importing Assets/BigManJD/Platformer Tileset - Pixelart Grasslands/Tile Palette/Tiles/DirtTiles_5.asset using Guid(01757a4546b5ecb46894344a9526588d) Importer(815301076,1909f56bfc062723c751e8b465ee728b)  -> (artifact id: '35528ad908fd7d57ab9b1a507739630a') in 0.011584 seconds
Number of updated asset objects reloaded before import = 0
Number of asset objects unloaded after import = 3
========================================================================
Received Import Request.
  Time since last request: 0.000034 seconds.
  path: Assets/BigManJD/Platformer Tileset - Pixelart Grasslands/Tile Palette/Tiles/DirtTiles_8.asset
  artifactKey: Guid(e7ccc244b2b9379479bf74d0ec111b89) Importer(815301076,1909f56bfc062723c751e8b465ee728b)
Start importing Assets/BigManJD/Platformer Tileset - Pixelart Grasslands/Tile Palette/Tiles/DirtTiles_8.asset using Guid(e7ccc244b2b9379479bf74d0ec111b89) Importer(815301076,1909f56bfc062723c751e8b465ee728b)  -> (artifact id: '6477bdbebd73f405550a9507a4ea5c35') in 0.011626 seconds
Number of updated asset objects reloaded before import = 0
Number of asset objects unloaded after import = 3
========================================================================
Received Import Request.
  Time since last request: 0.000028 seconds.
  path: Assets/BigManJD/Platformer Tileset - Pixelart Grasslands/Tile Palette/Tiles/DirtTiles_9.asset
  artifactKey: Guid(3b924a3abe5053f439377ac09c9c0b0a) Importer(815301076,1909f56bfc062723c751e8b465ee728b)
Start importing Assets/BigManJD/Platformer Tileset - Pixelart Grasslands/Tile Palette/Tiles/DirtTiles_9.asset using Guid(3b924a3abe5053f439377ac09c9c0b0a) Importer(815301076,1909f56bfc062723c751e8b465ee728b)  -> (artifact id: '844a0eae3424766395fd7146e56295f4') in 0.009224 seconds
Number of updated asset objects reloaded before import = 0
Number of asset objects unloaded after import = 3
========================================================================
Received Import Request.
  Time since last request: 0.000027 seconds.
  path: Assets/BigManJD/Platformer Tileset - Pixelart Grasslands/Tile Palette/Tiles/DirtTiles_29.asset
  artifactKey: Guid(c0302fd324bf66641b22a84002c88754) Importer(815301076,1909f56bfc062723c751e8b465ee728b)
Start importing Assets/BigManJD/Platformer Tileset - Pixelart Grasslands/Tile Palette/Tiles/DirtTiles_29.asset using Guid(c0302fd324bf66641b22a84002c88754) Importer(815301076,1909f56bfc062723c751e8b465ee728b)  -> (artifact id: '08e2c85adcfffce813469002679b87d0') in 0.009281 seconds
Number of updated asset objects reloaded before import = 0
Number of asset objects unloaded after import = 3
========================================================================
Received Import Request.
  Time since last request: 0.000019 seconds.
  path: Assets/BigManJD/Platformer Tileset - Pixelart Grasslands/Tile Palette/Tiles/DirtTiles_57.asset
  artifactKey: Guid(e613e53035e039c4890b4d3affd645a7) Importer(815301076,1909f56bfc062723c751e8b465ee728b)
Start importing Assets/BigManJD/Platformer Tileset - Pixelart Grasslands/Tile Palette/Tiles/DirtTiles_57.asset using Guid(e613e53035e039c4890b4d3affd645a7) Importer(815301076,1909f56bfc062723c751e8b465ee728b)  -> (artifact id: '974b051b3ffa9af4864022daf542ae2c') in 0.008845 seconds
Number of updated asset objects reloaded before import = 0
Number of asset objects unloaded after import = 3
========================================================================
Received Import Request.
  Time since last request: 0.000018 seconds.
  path: Assets/BigManJD/Platformer Tileset - Pixelart Grasslands/Tile Palette/Tiles/DirtTiles_68.asset
  artifactKey: Guid(400b7465165d8fa468e65121149be4c0) Importer(815301076,1909f56bfc062723c751e8b465ee728b)
Start importing Assets/BigManJD/Platformer Tileset - Pixelart Grasslands/Tile Palette/Tiles/DirtTiles_68.asset using Guid(400b7465165d8fa468e65121149be4c0) Importer(815301076,1909f56bfc062723c751e8b465ee728b)  -> (artifact id: '420d3b7529445b50883d51fb113113c8') in 0.004981 seconds
Number of updated asset objects reloaded before import = 0
Number of asset objects unloaded after import = 3
========================================================================
Received Import Request.
  Time since last request: 0.000019 seconds.
  path: Assets/BigManJD/Platformer Tileset - Pixelart Grasslands/Tile Palette/Tiles/DirtTiles_71.asset
  artifactKey: Guid(6955550a1bbd3e946a1b9a46863a2c40) Importer(815301076,1909f56bfc062723c751e8b465ee728b)
Start importing Assets/BigManJD/Platformer Tileset - Pixelart Grasslands/Tile Palette/Tiles/DirtTiles_71.asset using Guid(6955550a1bbd3e946a1b9a46863a2c40) Importer(815301076,1909f56bfc062723c751e8b465ee728b)  -> (artifact id: '627f272d3972baae7e74944aa9d4c009') in 0.011108 seconds
Number of updated asset objects reloaded before import = 0
Number of asset objects unloaded after import = 3
========================================================================
Received Import Request.
  Time since last request: 0.000021 seconds.
  path: Assets/BigManJD/Platformer Tileset - Pixelart Grasslands/Tile Palette/Tiles/DirtBackgroundTiles_21.asset
  artifactKey: Guid(e51342904ca06ea49a41f72e7cb02657) Importer(815301076,1909f56bfc062723c751e8b465ee728b)
Start importing Assets/BigManJD/Platformer Tileset - Pixelart Grasslands/Tile Palette/Tiles/DirtBackgroundTiles_21.asset using Guid(e51342904ca06ea49a41f72e7cb02657) Importer(815301076,1909f56bfc062723c751e8b465ee728b)  -> (artifact id: '8e384a476f9e849420282180144b60f7') in 0.005183 seconds
Number of updated asset objects reloaded before import = 0
Number of asset objects unloaded after import = 3
========================================================================
Received Import Request.
  Time since last request: 0.000019 seconds.
  path: Assets/BigManJD/Platformer Tileset - Pixelart Grasslands/Tile Palette/Tiles/DirtTiles_4.asset
  artifactKey: Guid(570fa4fc9655fd74ca53fed897dd0622) Importer(815301076,1909f56bfc062723c751e8b465ee728b)
Start importing Assets/BigManJD/Platformer Tileset - Pixelart Grasslands/Tile Palette/Tiles/DirtTiles_4.asset using Guid(570fa4fc9655fd74ca53fed897dd0622) Importer(815301076,1909f56bfc062723c751e8b465ee728b)  -> (artifact id: '2cb401f4b9703d183edbc0000a22cb19') in 0.009558 seconds
Number of updated asset objects reloaded before import = 0
Number of asset objects unloaded after import = 3
========================================================================
Received Import Request.
  Time since last request: 0.000021 seconds.
  path: Assets/BigManJD/Platformer Tileset - Pixelart Grasslands/Tile Palette/Tiles/DirtTiles_14.asset
  artifactKey: Guid(044b427c61535004ead00d9acc45f4f7) Importer(815301076,1909f56bfc062723c751e8b465ee728b)
Start importing Assets/BigManJD/Platformer Tileset - Pixelart Grasslands/Tile Palette/Tiles/DirtTiles_14.asset using Guid(044b427c61535004ead00d9acc45f4f7) Importer(815301076,1909f56bfc062723c751e8b465ee728b)  -> (artifact id: '3ef38d8682d64f53b05b3f43aec43f50') in 0.011139 seconds
Number of updated asset objects reloaded before import = 0
Number of asset objects unloaded after import = 3
========================================================================
Received Import Request.
  Time since last request: 0.000021 seconds.
  path: Assets/BigManJD/Platformer Tileset - Pixelart Grasslands/Tile Palette/Tiles/DirtBackgroundTiles_19.asset
  artifactKey: Guid(fde0582a6a41ffb4d824f14efa3e0e1d) Importer(815301076,1909f56bfc062723c751e8b465ee728b)
Start importing Assets/BigManJD/Platformer Tileset - Pixelart Grasslands/Tile Palette/Tiles/DirtBackgroundTiles_19.asset using Guid(fde0582a6a41ffb4d824f14efa3e0e1d) Importer(815301076,1909f56bfc062723c751e8b465ee728b)  -> (artifact id: '3bba34f2a7f579a3b394cb6aac92e320') in 0.009822 seconds
Number of updated asset objects reloaded before import = 0
Number of asset objects unloaded after import = 3
========================================================================
Received Import Request.
  Time since last request: 0.000019 seconds.
  path: Assets/BigManJD/Platformer Tileset - Pixelart Grasslands/Tile Palette/Tiles/DirtTiles_36.asset
  artifactKey: Guid(8b3f2582f84fd4e46988db91c5a99032) Importer(815301076,1909f56bfc062723c751e8b465ee728b)
Start importing Assets/BigManJD/Platformer Tileset - Pixelart Grasslands/Tile Palette/Tiles/DirtTiles_36.asset using Guid(8b3f2582f84fd4e46988db91c5a99032) Importer(815301076,1909f56bfc062723c751e8b465ee728b)  -> (artifact id: '448aa386d1d8fc93b342967431482a5a') in 0.012771 seconds
Number of updated asset objects reloaded before import = 0
Number of asset objects unloaded after import = 3
========================================================================
Received Import Request.
  Time since last request: 0.000023 seconds.
  path: Assets/BigManJD/Platformer Tileset - Pixelart Grasslands/Tile Palette/Tiles/DirtTiles_11.asset
  artifactKey: Guid(7a6649ed9fedab046937593d4e77b059) Importer(815301076,1909f56bfc062723c751e8b465ee728b)
Start importing Assets/BigManJD/Platformer Tileset - Pixelart Grasslands/Tile Palette/Tiles/DirtTiles_11.asset using Guid(7a6649ed9fedab046937593d4e77b059) Importer(815301076,1909f56bfc062723c751e8b465ee728b)  -> (artifact id: '3746080319e669138f603a1e405d8045') in 0.011711 seconds
Number of updated asset objects reloaded before import = 0
Number of asset objects unloaded after import = 3
========================================================================
Received Import Request.
  Time since last request: 0.000025 seconds.
  path: Assets/BigManJD/Platformer Tileset - Pixelart Grasslands/Tile Palette/Tiles/DirtTiles_39.asset
  artifactKey: Guid(bce0f033de7b3374cb030a27475868e1) Importer(815301076,1909f56bfc062723c751e8b465ee728b)
Start importing Assets/BigManJD/Platformer Tileset - Pixelart Grasslands/Tile Palette/Tiles/DirtTiles_39.asset using Guid(bce0f033de7b3374cb030a27475868e1) Importer(815301076,1909f56bfc062723c751e8b465ee728b)  -> (artifact id: '25b18876ec225cd9aa356ebdd9b07a9d') in 0.005868 seconds
Number of updated asset objects reloaded before import = 0
Number of asset objects unloaded after import = 3
========================================================================
Received Import Request.
  Time since last request: 0.000019 seconds.
  path: Assets/BigManJD/Platformer Tileset - Pixelart Grasslands/Tile Palette/Tiles/DirtTiles_72.asset
  artifactKey: Guid(fbfddba2269a08145865179f73367f8d) Importer(815301076,1909f56bfc062723c751e8b465ee728b)
Start importing Assets/BigManJD/Platformer Tileset - Pixelart Grasslands/Tile Palette/Tiles/DirtTiles_72.asset using Guid(fbfddba2269a08145865179f73367f8d) Importer(815301076,1909f56bfc062723c751e8b465ee728b)  -> (artifact id: 'de4a665494314f379476d53f73d80b98') in 0.010297 seconds
Number of updated asset objects reloaded before import = 0
Number of asset objects unloaded after import = 3
========================================================================
Received Import Request.
  Time since last request: 0.000018 seconds.
  path: Assets/BigManJD/Platformer Tileset - Pixelart Grasslands/Tile Palette/Tiles/DirtTiles_12.asset
  artifactKey: Guid(e47ce4d3456e38645a79fb703e8003f9) Importer(815301076,1909f56bfc062723c751e8b465ee728b)
Start importing Assets/BigManJD/Platformer Tileset - Pixelart Grasslands/Tile Palette/Tiles/DirtTiles_12.asset using Guid(e47ce4d3456e38645a79fb703e8003f9) Importer(815301076,1909f56bfc062723c751e8b465ee728b)  -> (artifact id: 'f952eba51ceafbcf09291a3dac4f1c68') in 0.011341 seconds
Number of updated asset objects reloaded before import = 0
Number of asset objects unloaded after import = 3
========================================================================
Received Import Request.
  Time since last request: 0.000020 seconds.
  path: Assets/BigManJD/Platformer Tileset - Pixelart Grasslands/Tile Palette/Tiles/DirtTiles_63.asset
  artifactKey: Guid(ba3fbc9645527b1489f16c0e83a76937) Importer(815301076,1909f56bfc062723c751e8b465ee728b)
Start importing Assets/BigManJD/Platformer Tileset - Pixelart Grasslands/Tile Palette/Tiles/DirtTiles_63.asset using Guid(ba3fbc9645527b1489f16c0e83a76937) Importer(815301076,1909f56bfc062723c751e8b465ee728b)  -> (artifact id: 'ff4ba2017e251765670f1e59941e9aeb') in 0.010136 seconds
Number of updated asset objects reloaded before import = 0
Number of asset objects unloaded after import = 3
========================================================================
Received Import Request.
  Time since last request: 0.000020 seconds.
  path: Assets/BigManJD/Platformer Tileset - Pixelart Grasslands/Tile Palette/Tiles/DirtBackgroundTiles_30.asset
  artifactKey: Guid(8fd7ce8e5f384cd47a0d27fee44a1918) Importer(815301076,1909f56bfc062723c751e8b465ee728b)
Start importing Assets/BigManJD/Platformer Tileset - Pixelart Grasslands/Tile Palette/Tiles/DirtBackgroundTiles_30.asset using Guid(8fd7ce8e5f384cd47a0d27fee44a1918) Importer(815301076,1909f56bfc062723c751e8b465ee728b)  -> (artifact id: '9f3de98ad6649ee12bd578ec62840a51') in 0.011006 seconds
Number of updated asset objects reloaded before import = 0
Number of asset objects unloaded after import = 3
========================================================================
Received Import Request.
  Time since last request: 0.000017 seconds.
  path: Assets/BigManJD/Platformer Tileset - Pixelart Grasslands/Tile Palette/Tiles/DirtTiles_34.asset
  artifactKey: Guid(013bb3ca87f257848bc19cd831231636) Importer(815301076,1909f56bfc062723c751e8b465ee728b)
Start importing Assets/BigManJD/Platformer Tileset - Pixelart Grasslands/Tile Palette/Tiles/DirtTiles_34.asset using Guid(013bb3ca87f257848bc19cd831231636) Importer(815301076,1909f56bfc062723c751e8b465ee728b)  -> (artifact id: '3dd53758226a73a0d3f370ee8c719bfd') in 0.010608 seconds
Number of updated asset objects reloaded before import = 0
Number of asset objects unloaded after import = 3
========================================================================
Received Import Request.
  Time since last request: 0.000023 seconds.
  path: Assets/BigManJD/Platformer Tileset - Pixelart Grasslands/Tile Palette/Tiles/DirtTiles_25.asset
  artifactKey: Guid(1ce27af779c7dd04db5b60a01e93f96b) Importer(815301076,1909f56bfc062723c751e8b465ee728b)
Start importing Assets/BigManJD/Platformer Tileset - Pixelart Grasslands/Tile Palette/Tiles/DirtTiles_25.asset using Guid(1ce27af779c7dd04db5b60a01e93f96b) Importer(815301076,1909f56bfc062723c751e8b465ee728b)  -> (artifact id: 'b7a875ae9b5bd2495b8c01047f4040d4') in 0.012835 seconds
Number of updated asset objects reloaded before import = 0
Number of asset objects unloaded after import = 3
========================================================================
Received Import Request.
  Time since last request: 0.000023 seconds.
  path: Assets/BigManJD/Platformer Tileset - Pixelart Grasslands/Tile Palette/Tiles/DirtTiles_54.asset
  artifactKey: Guid(888ff013319d6274d8eee981d184394f) Importer(815301076,1909f56bfc062723c751e8b465ee728b)
Start importing Assets/BigManJD/Platformer Tileset - Pixelart Grasslands/Tile Palette/Tiles/DirtTiles_54.asset using Guid(888ff013319d6274d8eee981d184394f) Importer(815301076,1909f56bfc062723c751e8b465ee728b)  -> (artifact id: '8a62834eca74eb2c7748ce032253c183') in 0.010310 seconds
Number of updated asset objects reloaded before import = 0
Number of asset objects unloaded after import = 3
========================================================================
Received Import Request.
  Time since last request: 0.000023 seconds.
  path: Assets/BigManJD/Platformer Tileset - Pixelart Grasslands/Tile Palette/Tiles/DirtBackgroundTiles_25.asset
  artifactKey: Guid(aa52bde94e13d6144831207f35c463f6) Importer(815301076,1909f56bfc062723c751e8b465ee728b)
Start importing Assets/BigManJD/Platformer Tileset - Pixelart Grasslands/Tile Palette/Tiles/DirtBackgroundTiles_25.asset using Guid(aa52bde94e13d6144831207f35c463f6) Importer(815301076,1909f56bfc062723c751e8b465ee728b)  -> (artifact id: '3ef03c94bec5c1b6b7fcdfab4b452cca') in 0.010216 seconds
Number of updated asset objects reloaded before import = 0
Number of asset objects unloaded after import = 3
========================================================================
Received Import Request.
  Time since last request: 0.000020 seconds.
  path: Assets/BigManJD/Platformer Tileset - Pixelart Grasslands/Tile Palette/Tiles/DirtTiles_51.asset
  artifactKey: Guid(6cb027a9c8c1cd24083932aa76455e49) Importer(815301076,1909f56bfc062723c751e8b465ee728b)
Start importing Assets/BigManJD/Platformer Tileset - Pixelart Grasslands/Tile Palette/Tiles/DirtTiles_51.asset using Guid(6cb027a9c8c1cd24083932aa76455e49) Importer(815301076,1909f56bfc062723c751e8b465ee728b)  -> (artifact id: '5f28ac1da768e274e2e0988c5b95e4d7') in 0.005633 seconds
Number of updated asset objects reloaded before import = 0
Number of asset objects unloaded after import = 3
========================================================================
Received Import Request.
  Time since last request: 0.000019 seconds.
  path: Assets/BigManJD/Platformer Tileset - Pixelart Grasslands/Tile Palette/Tiles/DirtTiles_55.asset
  artifactKey: Guid(b816a83972f4d2a4290854cbb77e36c5) Importer(815301076,1909f56bfc062723c751e8b465ee728b)
Start importing Assets/BigManJD/Platformer Tileset - Pixelart Grasslands/Tile Palette/Tiles/DirtTiles_55.asset using Guid(b816a83972f4d2a4290854cbb77e36c5) Importer(815301076,1909f56bfc062723c751e8b465ee728b)  -> (artifact id: '4bc990392abfe53c35a54272fcf0ce14') in 0.010348 seconds
Number of updated asset objects reloaded before import = 0
Number of asset objects unloaded after import = 3
========================================================================
Received Import Request.
  Time since last request: 0.000019 seconds.
  path: Assets/BigManJD/Platformer Tileset - Pixelart Grasslands/Tile Palette/Tiles/DirtTiles_19.asset
  artifactKey: Guid(fb182eb18ef66b247885af315c18db00) Importer(815301076,1909f56bfc062723c751e8b465ee728b)
Start importing Assets/BigManJD/Platformer Tileset - Pixelart Grasslands/Tile Palette/Tiles/DirtTiles_19.asset using Guid(fb182eb18ef66b247885af315c18db00) Importer(815301076,1909f56bfc062723c751e8b465ee728b)  -> (artifact id: '41e330922fa7cc14f4114af054521975') in 0.011759 seconds
Number of updated asset objects reloaded before import = 0
Number of asset objects unloaded after import = 3
========================================================================
Received Import Request.
  Time since last request: 0.000029 seconds.
  path: Assets/BigManJD/Platformer Tileset - Pixelart Grasslands/Tile Palette/Tiles/DirtTiles_62.asset
  artifactKey: Guid(14132d0c316e2594791ed189a8250bd5) Importer(815301076,1909f56bfc062723c751e8b465ee728b)
Start importing Assets/BigManJD/Platformer Tileset - Pixelart Grasslands/Tile Palette/Tiles/DirtTiles_62.asset using Guid(14132d0c316e2594791ed189a8250bd5) Importer(815301076,1909f56bfc062723c751e8b465ee728b)  -> (artifact id: '4cae4639228590acefad2573daa97a65') in 0.009558 seconds
Number of updated asset objects reloaded before import = 0
Number of asset objects unloaded after import = 3
========================================================================
Received Import Request.
  Time since last request: 0.000021 seconds.
  path: Assets/BigManJD/Platformer Tileset - Pixelart Grasslands/Tile Palette/Tiles/DirtTiles_44.asset
  artifactKey: Guid(514dd6f078269c44b9d8cb8ad642f0f7) Importer(815301076,1909f56bfc062723c751e8b465ee728b)
Start importing Assets/BigManJD/Platformer Tileset - Pixelart Grasslands/Tile Palette/Tiles/DirtTiles_44.asset using Guid(514dd6f078269c44b9d8cb8ad642f0f7) Importer(815301076,1909f56bfc062723c751e8b465ee728b)  -> (artifact id: 'a42bbbb2b4a5034d5c5f603511f6d3ff') in 0.010448 seconds
Number of updated asset objects reloaded before import = 0
Number of asset objects unloaded after import = 3
========================================================================
Received Import Request.
  Time since last request: 0.000024 seconds.
  path: Assets/BigManJD/Platformer Tileset - Pixelart Grasslands/Tile Palette/Tiles/DirtTiles_22.asset
  artifactKey: Guid(7f7c6e4b6b5214542bc66fb2ede0fa0e) Importer(815301076,1909f56bfc062723c751e8b465ee728b)
Start importing Assets/BigManJD/Platformer Tileset - Pixelart Grasslands/Tile Palette/Tiles/DirtTiles_22.asset using Guid(7f7c6e4b6b5214542bc66fb2ede0fa0e) Importer(815301076,1909f56bfc062723c751e8b465ee728b)  -> (artifact id: '5be615c4cfa47a02fddeaef2f07f1456') in 0.004930 seconds
Number of updated asset objects reloaded before import = 0
Number of asset objects unloaded after import = 3
========================================================================
Received Import Request.
  Time since last request: 0.000017 seconds.
  path: Assets/BigManJD/Platformer Tileset - Pixelart Grasslands/Tile Palette/Tiles/DirtBackgroundTiles_23.asset
  artifactKey: Guid(ee2a22652403b7e429466d56a0b5e779) Importer(815301076,1909f56bfc062723c751e8b465ee728b)
Start importing Assets/BigManJD/Platformer Tileset - Pixelart Grasslands/Tile Palette/Tiles/DirtBackgroundTiles_23.asset using Guid(ee2a22652403b7e429466d56a0b5e779) Importer(815301076,1909f56bfc062723c751e8b465ee728b)  -> (artifact id: '9c9c690e1065e6b79f1dcad10956c3f5') in 0.004341 seconds
Number of updated asset objects reloaded before import = 0
Number of asset objects unloaded after import = 3
========================================================================
Received Import Request.
  Time since last request: 0.000019 seconds.
  path: Assets/BigManJD/Platformer Tileset - Pixelart Grasslands/Tile Palette/Tiles/DirtTiles_0.asset
  artifactKey: Guid(f47ef68ebd3a9e547b3f2c2d9b7a4a21) Importer(815301076,1909f56bfc062723c751e8b465ee728b)
Start importing Assets/BigManJD/Platformer Tileset - Pixelart Grasslands/Tile Palette/Tiles/DirtTiles_0.asset using Guid(f47ef68ebd3a9e547b3f2c2d9b7a4a21) Importer(815301076,1909f56bfc062723c751e8b465ee728b)  -> (artifact id: '5a23c6b04580773df7dcc65db3af8a29') in 0.005186 seconds
Number of updated asset objects reloaded before import = 0
Number of asset objects unloaded after import = 3
========================================================================
Received Import Request.
  Time since last request: 0.000022 seconds.
  path: Assets/BigManJD/Platformer Tileset - Pixelart Grasslands/Tile Palette/Tiles/DirtBackgroundTiles_2.asset
  artifactKey: Guid(e0a56004fa23af648ae8a7848967a901) Importer(815301076,1909f56bfc062723c751e8b465ee728b)
Start importing Assets/BigManJD/Platformer Tileset - Pixelart Grasslands/Tile Palette/Tiles/DirtBackgroundTiles_2.asset using Guid(e0a56004fa23af648ae8a7848967a901) Importer(815301076,1909f56bfc062723c751e8b465ee728b)  -> (artifact id: 'eaae7e7c5f22d8c53912687064ff5a34') in 0.010785 seconds
Number of updated asset objects reloaded before import = 0
Number of asset objects unloaded after import = 3
========================================================================
Received Import Request.
  Time since last request: 0.000022 seconds.
  path: Assets/BigManJD/Platformer Tileset - Pixelart Grasslands/Tile Palette/Tiles/DirtTiles_24.asset
  artifactKey: Guid(0470177a445526c41a84bb22193bb9f2) Importer(815301076,1909f56bfc062723c751e8b465ee728b)
Start importing Assets/BigManJD/Platformer Tileset - Pixelart Grasslands/Tile Palette/Tiles/DirtTiles_24.asset using Guid(0470177a445526c41a84bb22193bb9f2) Importer(815301076,1909f56bfc062723c751e8b465ee728b)  -> (artifact id: 'b6569d1855d7ce40716a94a2d44c7683') in 0.013842 seconds
Number of updated asset objects reloaded before import = 0
Number of asset objects unloaded after import = 3
========================================================================
Received Import Request.
  Time since last request: 0.000028 seconds.
  path: Assets/BigManJD/Platformer Tileset - Pixelart Grasslands/Tile Palette/Tiles/DirtTiles_15.asset
  artifactKey: Guid(3029d6a293506cb41a289facfd88cf60) Importer(815301076,1909f56bfc062723c751e8b465ee728b)
Start importing Assets/BigManJD/Platformer Tileset - Pixelart Grasslands/Tile Palette/Tiles/DirtTiles_15.asset using Guid(3029d6a293506cb41a289facfd88cf60) Importer(815301076,1909f56bfc062723c751e8b465ee728b)  -> (artifact id: '60856a14d5529b20da16d59707c7d580') in 0.010606 seconds
Number of updated asset objects reloaded before import = 0
Number of asset objects unloaded after import = 3
========================================================================
Received Import Request.
  Time since last request: 0.000023 seconds.
  path: Assets/BigManJD/Platformer Tileset - Pixelart Grasslands/Tile Palette/Tiles/DirtBackgroundTiles_10.asset
  artifactKey: Guid(4aacb53454a7c604d9a5c903fef48a6d) Importer(815301076,1909f56bfc062723c751e8b465ee728b)
Start importing Assets/BigManJD/Platformer Tileset - Pixelart Grasslands/Tile Palette/Tiles/DirtBackgroundTiles_10.asset using Guid(4aacb53454a7c604d9a5c903fef48a6d) Importer(815301076,1909f56bfc062723c751e8b465ee728b)  -> (artifact id: 'c85c3079825452dc2b9afc1330bc09ef') in 0.010753 seconds
Number of updated asset objects reloaded before import = 0
Number of asset objects unloaded after import = 3
========================================================================
Received Import Request.
  Time since last request: 0.000033 seconds.
  path: Assets/BigManJD/Platformer Tileset - Pixelart Grasslands/Tile Palette/Tiles/DirtBackgroundTiles_26.asset
  artifactKey: Guid(c7155d854f316ce43ac82e08c74128b5) Importer(815301076,1909f56bfc062723c751e8b465ee728b)
Start importing Assets/BigManJD/Platformer Tileset - Pixelart Grasslands/Tile Palette/Tiles/DirtBackgroundTiles_26.asset using Guid(c7155d854f316ce43ac82e08c74128b5) Importer(815301076,1909f56bfc062723c751e8b465ee728b)  -> (artifact id: 'dc5e1f5efd29cedf374bd517b2604b1e') in 0.012526 seconds
Number of updated asset objects reloaded before import = 0
Number of asset objects unloaded after import = 3
========================================================================
Received Import Request.
  Time since last request: 0.000023 seconds.
  path: Assets/BigManJD/Platformer Tileset - Pixelart Grasslands/Tile Palette/Tiles/DirtBackgroundTiles_34.asset
  artifactKey: Guid(34331f621e255a147b66852778eac7bd) Importer(815301076,1909f56bfc062723c751e8b465ee728b)
Start importing Assets/BigManJD/Platformer Tileset - Pixelart Grasslands/Tile Palette/Tiles/DirtBackgroundTiles_34.asset using Guid(34331f621e255a147b66852778eac7bd) Importer(815301076,1909f56bfc062723c751e8b465ee728b)  -> (artifact id: '1ff008969d99f4c9562c0cf1f7885000') in 0.010989 seconds
Number of updated asset objects reloaded before import = 0
Number of asset objects unloaded after import = 3
========================================================================
Received Import Request.
  Time since last request: 0.000022 seconds.
  path: Assets/BigManJD/Platformer Tileset - Pixelart Grasslands/Tile Palette/Tiles/DirtBackgroundTiles_42.asset
  artifactKey: Guid(0caf4529f8b60e445b4ae1c5abb932ed) Importer(815301076,1909f56bfc062723c751e8b465ee728b)
Start importing Assets/BigManJD/Platformer Tileset - Pixelart Grasslands/Tile Palette/Tiles/DirtBackgroundTiles_42.asset using Guid(0caf4529f8b60e445b4ae1c5abb932ed) Importer(815301076,1909f56bfc062723c751e8b465ee728b)  -> (artifact id: '13b0deebca3654d846d26ed9e0517ee9') in 0.011834 seconds
Number of updated asset objects reloaded before import = 0
Number of asset objects unloaded after import = 3
========================================================================
Received Import Request.
  Time since last request: 0.000028 seconds.
  path: Assets/BigManJD/Platformer Tileset - Pixelart Grasslands/Tile Palette/Tiles/DirtTiles_37.asset
  artifactKey: Guid(7973bfadd4ada46478938827fbef21b1) Importer(815301076,1909f56bfc062723c751e8b465ee728b)
Start importing Assets/BigManJD/Platformer Tileset - Pixelart Grasslands/Tile Palette/Tiles/DirtTiles_37.asset using Guid(7973bfadd4ada46478938827fbef21b1) Importer(815301076,1909f56bfc062723c751e8b465ee728b)  -> (artifact id: '8c8a9272d23072f851087cef326c82a8') in 0.012057 seconds
Number of updated asset objects reloaded before import = 0
Number of asset objects unloaded after import = 3
========================================================================
Received Import Request.
  Time since last request: 0.000022 seconds.
  path: Assets/BigManJD/Platformer Tileset - Pixelart Grasslands/Tile Palette/Tiles/DirtBackgroundTiles_35.asset
  artifactKey: Guid(fc604130e16507d4e995efd42f1ddaa8) Importer(815301076,1909f56bfc062723c751e8b465ee728b)
Start importing Assets/BigManJD/Platformer Tileset - Pixelart Grasslands/Tile Palette/Tiles/DirtBackgroundTiles_35.asset using Guid(fc604130e16507d4e995efd42f1ddaa8) Importer(815301076,1909f56bfc062723c751e8b465ee728b)  -> (artifact id: '1ae2facd9df38c19a25e61bad00f1101') in 0.005459 seconds
Number of updated asset objects reloaded before import = 0
Number of asset objects unloaded after import = 3
========================================================================
Received Import Request.
  Time since last request: 0.000024 seconds.
  path: Assets/BigManJD/Platformer Tileset - Pixelart Grasslands/Tile Palette/Tiles/DirtBackgroundTiles_7.asset
  artifactKey: Guid(d7067a3c940d2b94abfb164bf3b8a314) Importer(815301076,1909f56bfc062723c751e8b465ee728b)
Start importing Assets/BigManJD/Platformer Tileset - Pixelart Grasslands/Tile Palette/Tiles/DirtBackgroundTiles_7.asset using Guid(d7067a3c940d2b94abfb164bf3b8a314) Importer(815301076,1909f56bfc062723c751e8b465ee728b)  -> (artifact id: '7c6c375175514377b411726d46a58dbc') in 0.005611 seconds
Number of updated asset objects reloaded before import = 0
Number of asset objects unloaded after import = 3
========================================================================
Received Import Request.
  Time since last request: 0.000022 seconds.
  path: Assets/BigManJD/Platformer Tileset - Pixelart Grasslands/Tile Palette/Tiles/DirtBackgroundTiles_4.asset
  artifactKey: Guid(a0590d5c08b8b114090c47ffd93b7fa7) Importer(815301076,1909f56bfc062723c751e8b465ee728b)
Start importing Assets/BigManJD/Platformer Tileset - Pixelart Grasslands/Tile Palette/Tiles/DirtBackgroundTiles_4.asset using Guid(a0590d5c08b8b114090c47ffd93b7fa7) Importer(815301076,1909f56bfc062723c751e8b465ee728b)  -> (artifact id: '2c269e1be8a39a1714141b75e14671e8') in 0.011681 seconds
Number of updated asset objects reloaded before import = 0
Number of asset objects unloaded after import = 3
========================================================================
Received Import Request.
  Time since last request: 0.000034 seconds.
  path: Assets/BigManJD/Platformer Tileset - Pixelart Grasslands/Tile Palette/Tiles/DirtTiles_20.asset
  artifactKey: Guid(46f293e9c6a5c294794345f44ab94cf5) Importer(815301076,1909f56bfc062723c751e8b465ee728b)
Start importing Assets/BigManJD/Platformer Tileset - Pixelart Grasslands/Tile Palette/Tiles/DirtTiles_20.asset using Guid(46f293e9c6a5c294794345f44ab94cf5) Importer(815301076,1909f56bfc062723c751e8b465ee728b)  -> (artifact id: 'd347550be0029d3c0d5cf34561562d92') in 0.011825 seconds
Number of updated asset objects reloaded before import = 0
Number of asset objects unloaded after import = 3
========================================================================
Received Import Request.
  Time since last request: 0.000020 seconds.
  path: Assets/BigManJD/Platformer Tileset - Pixelart Grasslands/Tile Palette/Tiles/DirtTiles_2.asset
  artifactKey: Guid(3085c91a9081e584fb7e879ac76c9eca) Importer(815301076,1909f56bfc062723c751e8b465ee728b)
Start importing Assets/BigManJD/Platformer Tileset - Pixelart Grasslands/Tile Palette/Tiles/DirtTiles_2.asset using Guid(3085c91a9081e584fb7e879ac76c9eca) Importer(815301076,1909f56bfc062723c751e8b465ee728b)  -> (artifact id: 'ec5d6856cab877441795ed132ad5939b') in 0.012471 seconds
Number of updated asset objects reloaded before import = 0
Number of asset objects unloaded after import = 3
========================================================================
Received Import Request.
  Time since last request: 0.000020 seconds.
  path: Assets/BigManJD/Platformer Tileset - Pixelart Grasslands/Tile Palette/Tiles/DirtTiles_28.asset
  artifactKey: Guid(9c62ddb10e477dd4caf0d83da69dd9a5) Importer(815301076,1909f56bfc062723c751e8b465ee728b)
Start importing Assets/BigManJD/Platformer Tileset - Pixelart Grasslands/Tile Palette/Tiles/DirtTiles_28.asset using Guid(9c62ddb10e477dd4caf0d83da69dd9a5) Importer(815301076,1909f56bfc062723c751e8b465ee728b)  -> (artifact id: 'd23b126587f12d435efa08c9758d3b89') in 0.010932 seconds
Number of updated asset objects reloaded before import = 0
Number of asset objects unloaded after import = 3
========================================================================
Received Import Request.
  Time since last request: 0.000022 seconds.
  path: Assets/BigManJD/Platformer Tileset - Pixelart Grasslands/Tile Palette/Tiles/DirtTiles_46.asset
  artifactKey: Guid(af4d269dd2ba9c24e8b72249989e99bb) Importer(815301076,1909f56bfc062723c751e8b465ee728b)
Start importing Assets/BigManJD/Platformer Tileset - Pixelart Grasslands/Tile Palette/Tiles/DirtTiles_46.asset using Guid(af4d269dd2ba9c24e8b72249989e99bb) Importer(815301076,1909f56bfc062723c751e8b465ee728b)  -> (artifact id: 'ea9caeb99364eb93644c772b789c85fa') in 0.013923 seconds
Number of updated asset objects reloaded before import = 0
Number of asset objects unloaded after import = 3
========================================================================
Received Import Request.
  Time since last request: 0.000023 seconds.
  path: Assets/BigManJD/Platformer Tileset - Pixelart Grasslands/Tile Palette/Tiles/DirtBackgroundTiles_20.asset
  artifactKey: Guid(9aae0d442e2febd44a34a2d1810dada1) Importer(815301076,1909f56bfc062723c751e8b465ee728b)
Start importing Assets/BigManJD/Platformer Tileset - Pixelart Grasslands/Tile Palette/Tiles/DirtBackgroundTiles_20.asset using Guid(9aae0d442e2febd44a34a2d1810dada1) Importer(815301076,1909f56bfc062723c751e8b465ee728b)  -> (artifact id: '92694bec1907e46803e6147dc354458d') in 0.011107 seconds
Number of updated asset objects reloaded before import = 0
Number of asset objects unloaded after import = 3
========================================================================
Received Import Request.
  Time since last request: 0.000047 seconds.
  path: Assets/BigManJD/Platformer Tileset - Pixelart Grasslands/Tile Palette/Tiles/DirtBackgroundTiles_44.asset
  artifactKey: Guid(4a70be65abbcded43a257187d843c8d5) Importer(815301076,1909f56bfc062723c751e8b465ee728b)
Start importing Assets/BigManJD/Platformer Tileset - Pixelart Grasslands/Tile Palette/Tiles/DirtBackgroundTiles_44.asset using Guid(4a70be65abbcded43a257187d843c8d5) Importer(815301076,1909f56bfc062723c751e8b465ee728b)  -> (artifact id: '84f876be3632e886161093050d8a182a') in 0.011835 seconds
Number of updated asset objects reloaded before import = 0
Number of asset objects unloaded after import = 3
========================================================================
Received Import Request.
  Time since last request: 0.000035 seconds.
  path: Assets/BigManJD/Platformer Tileset - Pixelart Grasslands/Tile Palette/Tiles/DirtTiles_43.asset
  artifactKey: Guid(329f708a11a1afd4e8c1732708a668c5) Importer(815301076,1909f56bfc062723c751e8b465ee728b)
Start importing Assets/BigManJD/Platformer Tileset - Pixelart Grasslands/Tile Palette/Tiles/DirtTiles_43.asset using Guid(329f708a11a1afd4e8c1732708a668c5) Importer(815301076,1909f56bfc062723c751e8b465ee728b)  -> (artifact id: '03b4d8becea943dded495c78e9cb2ba7') in 0.012387 seconds
Number of updated asset objects reloaded before import = 0
Number of asset objects unloaded after import = 3
========================================================================
Received Import Request.
  Time since last request: 0.000031 seconds.
  path: Assets/BigManJD/Platformer Tileset - Pixelart Grasslands/Tile Palette/Tiles/DirtTiles_40.asset
  artifactKey: Guid(c8d5c86e6e427a04cb46e18d6b3d5f0c) Importer(815301076,1909f56bfc062723c751e8b465ee728b)
Start importing Assets/BigManJD/Platformer Tileset - Pixelart Grasslands/Tile Palette/Tiles/DirtTiles_40.asset using Guid(c8d5c86e6e427a04cb46e18d6b3d5f0c) Importer(815301076,1909f56bfc062723c751e8b465ee728b)  -> (artifact id: 'c8142024a0d4bc7d8fee4b530ec77d14') in 0.006224 seconds
Number of updated asset objects reloaded before import = 0
Number of asset objects unloaded after import = 3
========================================================================
Received Import Request.
  Time since last request: 0.000028 seconds.
  path: Assets/BigManJD/Platformer Tileset - Pixelart Grasslands/Tile Palette/Tiles/DirtTiles_59.asset
  artifactKey: Guid(ae6310867acab9d4983f0c282b19eb81) Importer(815301076,1909f56bfc062723c751e8b465ee728b)
Start importing Assets/BigManJD/Platformer Tileset - Pixelart Grasslands/Tile Palette/Tiles/DirtTiles_59.asset using Guid(ae6310867acab9d4983f0c282b19eb81) Importer(815301076,1909f56bfc062723c751e8b465ee728b)  -> (artifact id: 'c8f2a6f90924af4e7e5de5595511c07f') in 0.005915 seconds
Number of updated asset objects reloaded before import = 0
Number of asset objects unloaded after import = 3
========================================================================
Received Import Request.
  Time since last request: 0.000024 seconds.
  path: Assets/BigManJD/Platformer Tileset - Pixelart Grasslands/Tile Palette/Tiles/DirtTiles_7.asset
  artifactKey: Guid(a1e764bb64303c14b98a620c0b59c678) Importer(815301076,1909f56bfc062723c751e8b465ee728b)
Start importing Assets/BigManJD/Platformer Tileset - Pixelart Grasslands/Tile Palette/Tiles/DirtTiles_7.asset using Guid(a1e764bb64303c14b98a620c0b59c678) Importer(815301076,1909f56bfc062723c751e8b465ee728b)  -> (artifact id: 'bfda29bbf259f20f269ae911bbb5d9ee') in 0.011518 seconds
Number of updated asset objects reloaded before import = 0
Number of asset objects unloaded after import = 3
========================================================================
Received Import Request.
  Time since last request: 0.000015 seconds.
  path: Assets/BigManJD/Platformer Tileset - Pixelart Grasslands/Tile Palette/Tiles/DirtBackgroundTiles_31.asset
  artifactKey: Guid(8b2c4c88c7d237c42b1446a9dcaaa9b4) Importer(815301076,1909f56bfc062723c751e8b465ee728b)
Start importing Assets/BigManJD/Platformer Tileset - Pixelart Grasslands/Tile Palette/Tiles/DirtBackgroundTiles_31.asset using Guid(8b2c4c88c7d237c42b1446a9dcaaa9b4) Importer(815301076,1909f56bfc062723c751e8b465ee728b)  -> (artifact id: 'b1ffd4b3c984ca3d20980e7c34cfeb49') in 0.005190 seconds
Number of updated asset objects reloaded before import = 0
Number of asset objects unloaded after import = 3
========================================================================
Received Import Request.
  Time since last request: 0.000025 seconds.
  path: Assets/BigManJD/Platformer Tileset - Pixelart Grasslands/Tile Palette/Tiles/DirtTiles_1.asset
  artifactKey: Guid(1edd2a981032ea042bd7e4c45ec0293f) Importer(815301076,1909f56bfc062723c751e8b465ee728b)
Start importing Assets/BigManJD/Platformer Tileset - Pixelart Grasslands/Tile Palette/Tiles/DirtTiles_1.asset using Guid(1edd2a981032ea042bd7e4c45ec0293f) Importer(815301076,1909f56bfc062723c751e8b465ee728b)  -> (artifact id: 'd6343572bab79329dc4df6689899b5d1') in 0.012339 seconds
Number of updated asset objects reloaded before import = 0
Number of asset objects unloaded after import = 3
========================================================================
Received Import Request.
  Time since last request: 0.000030 seconds.
  path: Assets/BigManJD/Platformer Tileset - Pixelart Grasslands/Tile Palette/Tiles/DirtTiles_67.asset
  artifactKey: Guid(84fcc6505022dc444badb94fa70bac3c) Importer(815301076,1909f56bfc062723c751e8b465ee728b)
Start importing Assets/BigManJD/Platformer Tileset - Pixelart Grasslands/Tile Palette/Tiles/DirtTiles_67.asset using Guid(84fcc6505022dc444badb94fa70bac3c) Importer(815301076,1909f56bfc062723c751e8b465ee728b)  -> (artifact id: '25cb5c08a324bf40c5c933da781bda02') in 0.005552 seconds
Number of updated asset objects reloaded before import = 0
Number of asset objects unloaded after import = 3
========================================================================
Received Import Request.
  Time since last request: 0.000018 seconds.
  path: Assets/BigManJD/Platformer Tileset - Pixelart Grasslands/Tile Palette/Tiles/DirtBackgroundTiles_40.asset
  artifactKey: Guid(4ae95cbe4e75b14479ac983f7b43402b) Importer(815301076,1909f56bfc062723c751e8b465ee728b)
Start importing Assets/BigManJD/Platformer Tileset - Pixelart Grasslands/Tile Palette/Tiles/DirtBackgroundTiles_40.asset using Guid(4ae95cbe4e75b14479ac983f7b43402b) Importer(815301076,1909f56bfc062723c751e8b465ee728b)  -> (artifact id: 'bd23812b4ff54d455321ea9ee7bcba24') in 0.012286 seconds
Number of updated asset objects reloaded before import = 0
Number of asset objects unloaded after import = 3
========================================================================
Received Import Request.
  Time since last request: 0.000033 seconds.
  path: Assets/BigManJD/Platformer Tileset - Pixelart Grasslands/Tile Palette/Tiles/DirtTiles_26.asset
  artifactKey: Guid(2c7f2e6206496324ba2b63f72e7cd7d7) Importer(815301076,1909f56bfc062723c751e8b465ee728b)
Start importing Assets/BigManJD/Platformer Tileset - Pixelart Grasslands/Tile Palette/Tiles/DirtTiles_26.asset using Guid(2c7f2e6206496324ba2b63f72e7cd7d7) Importer(815301076,1909f56bfc062723c751e8b465ee728b)  -> (artifact id: 'ab82218a00b8d6030340c117971386f0') in 0.013243 seconds
Number of updated asset objects reloaded before import = 0
Number of asset objects unloaded after import = 3
Editor requested this worker to shutdown with reason: Scaling down because of idle timeout
TcpMessagingSession - receive error: operation aborted. errorcode: 995, details: The I/O operation has been aborted because of either a thread exit or an application request.
AssetImportWorker is now disconnected from the server
Process exiting
Exiting without the bug reporter. Application will terminate with return code 0