Using pre-set license
Built from '2022.3/staging' branch; Version is '2022.3.17f1 (4fc78088f837) revision 5228416'; Using compiler version '192829333'; Build Type 'Release'
OS: 'Windows 11  (10.0.22621) 64bit Core' Language: 'en' Physical Memory: 32694 MB
BatchMode: 1, IsHumanControllingUs: 0, StartBugReporterOnCrash: 0, Is64bit: 1, IsPro: 1

COMMAND LINE ARGUMENTS:
C:\Program Files\Unity 2022.3.17f1\Editor\Unity.exe
-adb2
-batchMode
-noUpm
-name
AssetImportWorker0
-projectPath
C:/Users/bonil/GitHub/PlatformingGameCS383/CS383-Platformer-TL6
-logFile
Logs/AssetImportWorker0.log
-srvPort
50162
Successfully changed project path to: C:/Users/bonil/GitHub/PlatformingGameCS383/CS383-Platformer-TL6
C:/Users/bonil/GitHub/PlatformingGameCS383/CS383-Platformer-TL6
[UnityMemory] Configuration Parameters - Can be set up in boot.config
    "memorysetup-bucket-allocator-granularity=16"
    "memorysetup-bucket-allocator-bucket-count=8"
    "memorysetup-bucket-allocator-block-size=33554432"
    "memorysetup-bucket-allocator-block-count=8"
    "memorysetup-main-allocator-block-size=16777216"
    "memorysetup-thread-allocator-block-size=16777216"
    "memorysetup-gfx-main-allocator-block-size=16777216"
    "memorysetup-gfx-thread-allocator-block-size=16777216"
    "memorysetup-cache-allocator-block-size=4194304"
    "memorysetup-typetree-allocator-block-size=2097152"
    "memorysetup-profiler-bucket-allocator-granularity=16"
    "memorysetup-profiler-bucket-allocator-bucket-count=8"
    "memorysetup-profiler-bucket-allocator-block-size=33554432"
    "memorysetup-profiler-bucket-allocator-block-count=8"
    "memorysetup-profiler-allocator-block-size=16777216"
    "memorysetup-profiler-editor-allocator-block-size=1048576"
    "memorysetup-temp-allocator-size-main=16777216"
    "memorysetup-job-temp-allocator-block-size=2097152"
    "memorysetup-job-temp-allocator-block-size-background=1048576"
    "memorysetup-job-temp-allocator-reduction-small-platforms=262144"
    "memorysetup-allocator-temp-initial-block-size-main=262144"
    "memorysetup-allocator-temp-initial-block-size-worker=262144"
    "memorysetup-temp-allocator-size-background-worker=32768"
    "memorysetup-temp-allocator-size-job-worker=262144"
    "memorysetup-temp-allocator-size-preload-manager=33554432"
    "memorysetup-temp-allocator-size-nav-mesh-worker=65536"
    "memorysetup-temp-allocator-size-audio-worker=65536"
    "memorysetup-temp-allocator-size-cloud-worker=32768"
    "memorysetup-temp-allocator-size-gi-baking-worker=262144"
    "memorysetup-temp-allocator-size-gfx=262144"
Player connection [18452] Host "[IP] 192.168.254.13 [Port] 0 [Flags] 2 [Guid] 2691668114 [EditorId] 2691668114 [Version] 1048832 [Id] WindowsEditor(7,DESKTOP-N84QK20) [Debug] 1 [PackageName] WindowsEditor [ProjectName] Editor" joined multi-casting on [225.0.0.222:54997]...

Player connection [18452] Host "[IP] 192.168.254.13 [Port] 0 [Flags] 2 [Guid] 2691668114 [EditorId] 2691668114 [Version] 1048832 [Id] WindowsEditor(7,DESKTOP-N84QK20) [Debug] 1 [PackageName] WindowsEditor [ProjectName] Editor" joined alternative multi-casting on [225.0.0.222:34997]...

[Physics::Module] Initialized MultithreadedJobDispatcher with 15 workers.
Refreshing native plugins compatible for Editor in 11.68 ms, found 4 plugins.
Preloading 0 native plugins for Editor in 0.00 ms.
Initialize engine version: 2022.3.17f1 (4fc78088f837)
[Subsystems] Discovering subsystems at path C:/Program Files/Unity 2022.3.17f1/Editor/Data/Resources/UnitySubsystems
[Subsystems] Discovering subsystems at path C:/Users/bonil/GitHub/PlatformingGameCS383/CS383-Platformer-TL6/Assets
GfxDevice: creating device client; threaded=0; jobified=0
Direct3D:
    Version:  Direct3D 11.0 [level 11.1]
    Renderer: NVIDIA GeForce RTX 4060 Ti (ID=0x2803)
    Vendor:   NVIDIA
    VRAM:     7949 MB
    Driver:   31.0.15.5176
Initialize mono
Mono path[0] = 'C:/Program Files/Unity 2022.3.17f1/Editor/Data/Managed'
Mono path[1] = 'C:/Program Files/Unity 2022.3.17f1/Editor/Data/MonoBleedingEdge/lib/mono/unityjit-win32'
Mono config path = 'C:/Program Files/Unity 2022.3.17f1/Editor/Data/MonoBleedingEdge/etc'
Using monoOptions --debugger-agent=transport=dt_socket,embedding=1,server=y,suspend=n,address=127.0.0.1:56700
Begin MonoManager ReloadAssembly
Registering precompiled unity dll's ...
Register platform support module: C:/Program Files/Unity 2022.3.17f1/Editor/Data/PlaybackEngines/WindowsStandaloneSupport/UnityEditor.WindowsStandalone.Extensions.dll
Registered in 0.005830 seconds.
- Loaded All Assemblies, in  0.711 seconds
Native extension for WindowsStandalone target not found
Mono: successfully reloaded assembly
- Finished resetting the current domain, in  0.342 seconds
Domain Reload Profiling: 1050ms
	BeginReloadAssembly (277ms)
		ExecutionOrderSort (0ms)
		DisableScriptedObjects (0ms)
		BackupInstance (0ms)
		ReleaseScriptingObjects (0ms)
		CreateAndSetChildDomain (1ms)
	RebuildCommonClasses (57ms)
	RebuildNativeTypeToScriptingClass (15ms)
	initialDomainReloadingComplete (83ms)
	LoadAllAssembliesAndSetupDomain (276ms)
		LoadAssemblies (277ms)
		RebuildTransferFunctionScriptingTraits (0ms)
		AnalyzeDomain (270ms)
			TypeCache.Refresh (269ms)
				TypeCache.ScanAssembly (240ms)
			ScanForSourceGeneratedMonoScriptInfo (1ms)
			ResolveRequiredComponents (1ms)
	FinalizeReload (343ms)
		ReleaseScriptCaches (0ms)
		RebuildScriptCaches (0ms)
		SetupLoadedEditorAssemblies (273ms)
			LogAssemblyErrors (0ms)
			InitializePlatformSupportModulesInManaged (9ms)
			SetLoadedEditorAssemblies (8ms)
			RefreshPlugins (0ms)
			BeforeProcessingInitializeOnLoad (2ms)
			ProcessInitializeOnLoadAttributes (187ms)
			ProcessInitializeOnLoadMethodAttributes (66ms)
			AfterProcessingInitializeOnLoad (0ms)
			EditorAssembliesLoaded (0ms)
		ExecutionOrderSort2 (0ms)
		AwakeInstancesAfterBackupRestoration (0ms)
========================================================================
Worker process is ready to serve import requests
Begin MonoManager ReloadAssembly
- Loaded All Assemblies, in  1.166 seconds
Refreshing native plugins compatible for Editor in 4.85 ms, found 4 plugins.
Native extension for WindowsStandalone target not found
Package Manager log level set to [2]
[Package Manager] Server::EnsureServerProcessIsRunning -- launch failed, reason: Unity was launched with the -noUpm command-line argument
[Package Manager] UpmClient::Send -- Unable to send message (not connected to UPM process).
[Package Manager] Cannot connect to Unity Package Manager local server
Mono: successfully reloaded assembly
- Finished resetting the current domain, in  0.729 seconds
Domain Reload Profiling: 1891ms
	BeginReloadAssembly (184ms)
		ExecutionOrderSort (0ms)
		DisableScriptedObjects (7ms)
		BackupInstance (0ms)
		ReleaseScriptingObjects (0ms)
		CreateAndSetChildDomain (22ms)
	RebuildCommonClasses (40ms)
	RebuildNativeTypeToScriptingClass (18ms)
	initialDomainReloadingComplete (53ms)
	LoadAllAssembliesAndSetupDomain (865ms)
		LoadAssemblies (615ms)
		RebuildTransferFunctionScriptingTraits (0ms)
		AnalyzeDomain (360ms)
			TypeCache.Refresh (306ms)
				TypeCache.ScanAssembly (273ms)
			ScanForSourceGeneratedMonoScriptInfo (44ms)
			ResolveRequiredComponents (9ms)
	FinalizeReload (730ms)
		ReleaseScriptCaches (0ms)
		RebuildScriptCaches (0ms)
		SetupLoadedEditorAssemblies (538ms)
			LogAssemblyErrors (0ms)
			InitializePlatformSupportModulesInManaged (6ms)
			SetLoadedEditorAssemblies (4ms)
			RefreshPlugins (0ms)
			BeforeProcessingInitializeOnLoad (83ms)
			ProcessInitializeOnLoadAttributes (395ms)
			ProcessInitializeOnLoadMethodAttributes (43ms)
			AfterProcessingInitializeOnLoad (7ms)
			EditorAssembliesLoaded (0ms)
		ExecutionOrderSort2 (0ms)
		AwakeInstancesAfterBackupRestoration (10ms)
Launched and connected shader compiler UnityShaderCompiler.exe after 0.04 seconds
Refreshing native plugins compatible for Editor in 6.36 ms, found 4 plugins.
Preloading 0 native plugins for Editor in 0.00 ms.
Unloading 4027 Unused Serialized files (Serialized files now loaded: 0)
Unloading 70 unused Assets / (244.3 KB). Loaded Objects now: 4483.
Memory consumption went from 145.2 MB to 145.0 MB.
Total: 5.636800 ms (FindLiveObjects: 0.366100 ms CreateObjectMapping: 0.120200 ms MarkObjects: 4.858100 ms  DeleteObjects: 0.290700 ms)

AssetImportParameters requested are different than current active one (requested -> active):
  custom:container-demuxer-ogg: 62fdf1f143b41e24485cea50d1cbac27 -> 
  custom:video-decoder-ogg-theora: a1e56fd34408186e4bbccfd4996cb3dc -> 
  custom:framework-win-MediaFoundation: 216162199b28c13a410421893ffa2e32 -> 
  custom:CustomObjectIndexerAttribute: 6d391050e5a25f67b0a2c618074f2cd9 -> 
  custom:container-demuxer-webm: 4f35f7cbe854078d1ac9338744f61a02 -> 
  custom:container-muxer-webm: aa71ff27fc2769a1b78a27578f13a17b -> 
  custom:video-decoder-webm-vp8: 9c59270c3fd7afecdb556c50c9e8de78 -> 
  custom:SearchIndexIgnoredProperties: e643bd26f0fe6173181afceb89e7c659 -> 
  custom:AudioImporter_EditorPlatform: d09bf68614088b80899f8185d706f6e7 -> 
  custom:video-encoder-webm-vp8: eb34c28f22e8b96e1ab97ce403110664 -> 
  custom:audio-decoder-ogg-vorbis: bf7c407c2cedff20999df2af8eb42d56 -> 
  custom:audio-encoder-webm-vorbis: bf7c407c2cedff20999df2af8eb42d56 -> 
========================================================================
Received Import Request.
  Time since last request: 22020.224413 seconds.
  path: Assets/Sprites/Pixel Adventure 1/Scenes
  artifactKey: Guid(dbc7f956d9ee8744ba00759404b21d27) Importer(815301076,1909f56bfc062723c751e8b465ee728b)
Start importing Assets/Sprites/Pixel Adventure 1/Scenes using Guid(dbc7f956d9ee8744ba00759404b21d27) Importer(815301076,1909f56bfc062723c751e8b465ee728b)  -> (artifact id: '19a34b3f9c4c2c4ba7ddc2596ef1a16c') in 0.003724 seconds
Number of updated asset objects reloaded before import = 0
Number of asset objects unloaded after import = 0
========================================================================
Received Import Request.
  Time since last request: 12.443816 seconds.
  path: Assets/Sprites/Pixel Adventure 1/Assets/Items
  artifactKey: Guid(45aa8edc5710be2418fa949495904348) Importer(815301076,1909f56bfc062723c751e8b465ee728b)
Start importing Assets/Sprites/Pixel Adventure 1/Assets/Items using Guid(45aa8edc5710be2418fa949495904348) Importer(815301076,1909f56bfc062723c751e8b465ee728b)  -> (artifact id: '8044bde2937d06dd417b4fc1f89b63e1') in 0.000806 seconds
Number of updated asset objects reloaded before import = 0
Number of asset objects unloaded after import = 0
========================================================================
Received Import Request.
  Time since last request: 2.637582 seconds.
  path: Assets/Sprites/Pixel Adventure 1/Assets/Items/Boxes
  artifactKey: Guid(648ed3ed826419f4c96791acd0d924a3) Importer(815301076,1909f56bfc062723c751e8b465ee728b)
Start importing Assets/Sprites/Pixel Adventure 1/Assets/Items/Boxes using Guid(648ed3ed826419f4c96791acd0d924a3) Importer(815301076,1909f56bfc062723c751e8b465ee728b)  -> (artifact id: '937a71b47e4c3b70f303629e4978222e') in 0.000558 seconds
Number of updated asset objects reloaded before import = 0
Number of asset objects unloaded after import = 0
========================================================================
Received Import Request.
  Time since last request: 4.233440 seconds.
  path: Assets/Sprites/Pixel Adventure 1/Assets/Other
  artifactKey: Guid(9b265bbeade4a16468dc117cf3b94dd9) Importer(815301076,1909f56bfc062723c751e8b465ee728b)
Start importing Assets/Sprites/Pixel Adventure 1/Assets/Other using Guid(9b265bbeade4a16468dc117cf3b94dd9) Importer(815301076,1909f56bfc062723c751e8b465ee728b)  -> (artifact id: '118a3dbe66c261f61083b55c293edd7c') in 0.000548 seconds
Number of updated asset objects reloaded before import = 0
Number of asset objects unloaded after import = 0
========================================================================
Received Import Request.
  Time since last request: 233.159298 seconds.
  path: Assets/BigManJD/Platformer Tileset - Pixelart Grasslands/Sprites/Textures/Tiles/DirtBackgroundTiles.png
  artifactKey: Guid(3a6f603276eca1e4dab29831a1cfd471) Importer(815301076,1909f56bfc062723c751e8b465ee728b)
Start importing Assets/BigManJD/Platformer Tileset - Pixelart Grasslands/Sprites/Textures/Tiles/DirtBackgroundTiles.png using Guid(3a6f603276eca1e4dab29831a1cfd471) Importer(815301076,1909f56bfc062723c751e8b465ee728b)  -> (artifact id: 'b5bcef3691e3dfb60ece7636dda86de5') in 0.232441 seconds
Number of updated asset objects reloaded before import = 0
Number of asset objects unloaded after import = 47
========================================================================
Received Import Request.
  Time since last request: 0.000038 seconds.
  path: Assets/BigManJD/Platformer Tileset - Pixelart Grasslands/Sprites/Textures/Tiles/GrassTiles.png
  artifactKey: Guid(66453c654294d2045aa5eb98e5ea9f7d) Importer(815301076,1909f56bfc062723c751e8b465ee728b)
Start importing Assets/BigManJD/Platformer Tileset - Pixelart Grasslands/Sprites/Textures/Tiles/GrassTiles.png using Guid(66453c654294d2045aa5eb98e5ea9f7d) Importer(815301076,1909f56bfc062723c751e8b465ee728b)  -> (artifact id: '8c0fabe65fcb94e1236b46374c3e3774') in 0.193339 seconds
Number of updated asset objects reloaded before import = 0
Number of asset objects unloaded after import = 108
========================================================================
Received Import Request.
  Time since last request: 3.289480 seconds.
  path: Assets/BigManJD/Platformer Tileset - Pixelart Grasslands/Tile Palette/Tiles/DirtBackgroundTiles_0.asset
  artifactKey: Guid(0bba56b50b4245742bf05b551cc53ee9) Importer(815301076,1909f56bfc062723c751e8b465ee728b)
Start importing Assets/BigManJD/Platformer Tileset - Pixelart Grasslands/Tile Palette/Tiles/DirtBackgroundTiles_0.asset using Guid(0bba56b50b4245742bf05b551cc53ee9) Importer(815301076,1909f56bfc062723c751e8b465ee728b)  -> (artifact id: 'fa0e2a8276c7a9c1b4091922e0f99441') in 0.015442 seconds
Number of updated asset objects reloaded before import = 0
Number of asset objects unloaded after import = 3
========================================================================
Received Import Request.
  Time since last request: 0.004484 seconds.
  path: Assets/BigManJD/Platformer Tileset - Pixelart Grasslands/Tile Palette/Tiles/DirtBackgroundTiles_6.asset
  artifactKey: Guid(600724760407848418663912fdbde80f) Importer(815301076,1909f56bfc062723c751e8b465ee728b)
Start importing Assets/BigManJD/Platformer Tileset - Pixelart Grasslands/Tile Palette/Tiles/DirtBackgroundTiles_6.asset using Guid(600724760407848418663912fdbde80f) Importer(815301076,1909f56bfc062723c751e8b465ee728b)  -> (artifact id: 'dda832f07adc3924d14c3a047eeca054') in 0.011052 seconds
Number of updated asset objects reloaded before import = 0
Number of asset objects unloaded after import = 3
========================================================================
Received Import Request.
  Time since last request: 0.000020 seconds.
  path: Assets/BigManJD/Platformer Tileset - Pixelart Grasslands/Tile Palette/Tiles/DirtBackgroundTiles_11.asset
  artifactKey: Guid(4720c8cb881093f41b6ad8cbb234af20) Importer(815301076,1909f56bfc062723c751e8b465ee728b)
Start importing Assets/BigManJD/Platformer Tileset - Pixelart Grasslands/Tile Palette/Tiles/DirtBackgroundTiles_11.asset using Guid(4720c8cb881093f41b6ad8cbb234af20) Importer(815301076,1909f56bfc062723c751e8b465ee728b)  -> (artifact id: '77658a40cb8b10ba55afaeb4b5b6b9e2') in 0.012162 seconds
Number of updated asset objects reloaded before import = 0
Number of asset objects unloaded after import = 3
========================================================================
Received Import Request.
  Time since last request: 0.000025 seconds.
  path: Assets/BigManJD/Platformer Tileset - Pixelart Grasslands/Tile Palette/Tiles/DirtBackgroundTiles_36.asset
  artifactKey: Guid(ef7f9d4e2e9c60f419fd4524eec4d865) Importer(815301076,1909f56bfc062723c751e8b465ee728b)
Start importing Assets/BigManJD/Platformer Tileset - Pixelart Grasslands/Tile Palette/Tiles/DirtBackgroundTiles_36.asset using Guid(ef7f9d4e2e9c60f419fd4524eec4d865) Importer(815301076,1909f56bfc062723c751e8b465ee728b)  -> (artifact id: '0b29fb1ccee847d4a4d615c77b9a8c74') in 0.014180 seconds
Number of updated asset objects reloaded before import = 0
Number of asset objects unloaded after import = 3
========================================================================
Received Import Request.
  Time since last request: 0.000028 seconds.
  path: Assets/BigManJD/Platformer Tileset - Pixelart Grasslands/Tile Palette/Tiles/DirtBackgroundTiles_39.asset
  artifactKey: Guid(3ed25bc14687d4f49a8c5eb7084f0f50) Importer(815301076,1909f56bfc062723c751e8b465ee728b)
Start importing Assets/BigManJD/Platformer Tileset - Pixelart Grasslands/Tile Palette/Tiles/DirtBackgroundTiles_39.asset using Guid(3ed25bc14687d4f49a8c5eb7084f0f50) Importer(815301076,1909f56bfc062723c751e8b465ee728b)  -> (artifact id: 'fba302f400cfb6cb90139c33180a5761') in 0.010983 seconds
Number of updated asset objects reloaded before import = 0
Number of asset objects unloaded after import = 3
========================================================================
Received Import Request.
  Time since last request: 0.000028 seconds.
  path: Assets/BigManJD/Platformer Tileset - Pixelart Grasslands/Tile Palette/Tiles/DirtTiles_13.asset
  artifactKey: Guid(6ca293d59d6b45f47806a749ed5450ec) Importer(815301076,1909f56bfc062723c751e8b465ee728b)
Start importing Assets/BigManJD/Platformer Tileset - Pixelart Grasslands/Tile Palette/Tiles/DirtTiles_13.asset using Guid(6ca293d59d6b45f47806a749ed5450ec) Importer(815301076,1909f56bfc062723c751e8b465ee728b)  -> (artifact id: '183d478fb1a5fa25f208b53fc048aa6d') in 0.012370 seconds
Number of updated asset objects reloaded before import = 0
Number of asset objects unloaded after import = 3
========================================================================
Received Import Request.
  Time since last request: 0.000031 seconds.
  path: Assets/BigManJD/Platformer Tileset - Pixelart Grasslands/Tile Palette/Tiles/DirtTiles_33.asset
  artifactKey: Guid(d2ca3f03e0fbfee478695bee25fd1bf5) Importer(815301076,1909f56bfc062723c751e8b465ee728b)
Start importing Assets/BigManJD/Platformer Tileset - Pixelart Grasslands/Tile Palette/Tiles/DirtTiles_33.asset using Guid(d2ca3f03e0fbfee478695bee25fd1bf5) Importer(815301076,1909f56bfc062723c751e8b465ee728b)  -> (artifact id: '868cb6e7ac6cc547cb85f1f5e6831583') in 0.010037 seconds
Number of updated asset objects reloaded before import = 0
Number of asset objects unloaded after import = 3
========================================================================
Received Import Request.
  Time since last request: 0.000020 seconds.
  path: Assets/BigManJD/Platformer Tileset - Pixelart Grasslands/Tile Palette/Tiles/DirtTiles_42.asset
  artifactKey: Guid(a64acc11f05c02e41b34fedd3be1f231) Importer(815301076,1909f56bfc062723c751e8b465ee728b)
Start importing Assets/BigManJD/Platformer Tileset - Pixelart Grasslands/Tile Palette/Tiles/DirtTiles_42.asset using Guid(a64acc11f05c02e41b34fedd3be1f231) Importer(815301076,1909f56bfc062723c751e8b465ee728b)  -> (artifact id: 'f571d81331d7de249ef0ef5eacc17474') in 0.009724 seconds
Number of updated asset objects reloaded before import = 0
Number of asset objects unloaded after import = 3
========================================================================
Received Import Request.
  Time since last request: 0.000019 seconds.
  path: Assets/BigManJD/Platformer Tileset - Pixelart Grasslands/Tile Palette/Tiles/DirtTiles_56.asset
  artifactKey: Guid(9fd35846c203e464db56c1b9e46f9cdf) Importer(815301076,1909f56bfc062723c751e8b465ee728b)
Start importing Assets/BigManJD/Platformer Tileset - Pixelart Grasslands/Tile Palette/Tiles/DirtTiles_56.asset using Guid(9fd35846c203e464db56c1b9e46f9cdf) Importer(815301076,1909f56bfc062723c751e8b465ee728b)  -> (artifact id: 'f6675ecfb1b224a7e0bf2655ba88c82f') in 0.009572 seconds
Number of updated asset objects reloaded before import = 0
Number of asset objects unloaded after import = 3
========================================================================
Received Import Request.
  Time since last request: 0.000020 seconds.
  path: Assets/BigManJD/Platformer Tileset - Pixelart Grasslands/Tile Palette/Tiles/DirtTiles_30.asset
  artifactKey: Guid(f26e0acac0191c245a031f0b990415ed) Importer(815301076,1909f56bfc062723c751e8b465ee728b)
Start importing Assets/BigManJD/Platformer Tileset - Pixelart Grasslands/Tile Palette/Tiles/DirtTiles_30.asset using Guid(f26e0acac0191c245a031f0b990415ed) Importer(815301076,1909f56bfc062723c751e8b465ee728b)  -> (artifact id: '152d2d8877df478f4b10534de1af2a38') in 0.010132 seconds
Number of updated asset objects reloaded before import = 0
Number of asset objects unloaded after import = 3
========================================================================
Received Import Request.
  Time since last request: 0.000022 seconds.
  path: Assets/BigManJD/Platformer Tileset - Pixelart Grasslands/Tile Palette/Tiles/DirtTiles_31.asset
  artifactKey: Guid(b41a2c2d96e45b14d93ef24c1ee2c3fc) Importer(815301076,1909f56bfc062723c751e8b465ee728b)
Start importing Assets/BigManJD/Platformer Tileset - Pixelart Grasslands/Tile Palette/Tiles/DirtTiles_31.asset using Guid(b41a2c2d96e45b14d93ef24c1ee2c3fc) Importer(815301076,1909f56bfc062723c751e8b465ee728b)  -> (artifact id: 'a5e690b3996657253b953aa1a98b73f4') in 0.010158 seconds
Number of updated asset objects reloaded before import = 0
Number of asset objects unloaded after import = 3
========================================================================
Received Import Request.
  Time since last request: 0.000019 seconds.
  path: Assets/BigManJD/Platformer Tileset - Pixelart Grasslands/Tile Palette/Tiles/DirtBackgroundTiles_17.asset
  artifactKey: Guid(52efc029a481be7489c419f1f099369c) Importer(815301076,1909f56bfc062723c751e8b465ee728b)
Start importing Assets/BigManJD/Platformer Tileset - Pixelart Grasslands/Tile Palette/Tiles/DirtBackgroundTiles_17.asset using Guid(52efc029a481be7489c419f1f099369c) Importer(815301076,1909f56bfc062723c751e8b465ee728b)  -> (artifact id: 'b28a6c8e05eb2e835fd48f4188e89dcb') in 0.005169 seconds
Number of updated asset objects reloaded before import = 0
Number of asset objects unloaded after import = 3
========================================================================
Received Import Request.
  Time since last request: 0.000018 seconds.
  path: Assets/BigManJD/Platformer Tileset - Pixelart Grasslands/Tile Palette/Tiles/DirtTiles_49.asset
  artifactKey: Guid(b2faca83df145944a8cb0a2dc08e4d0b) Importer(815301076,1909f56bfc062723c751e8b465ee728b)
Start importing Assets/BigManJD/Platformer Tileset - Pixelart Grasslands/Tile Palette/Tiles/DirtTiles_49.asset using Guid(b2faca83df145944a8cb0a2dc08e4d0b) Importer(815301076,1909f56bfc062723c751e8b465ee728b)  -> (artifact id: 'd255c859d53b714704bb02cd10cf755f') in 0.004653 seconds
Number of updated asset objects reloaded before import = 0
Number of asset objects unloaded after import = 3
========================================================================
Received Import Request.
  Time since last request: 0.000021 seconds.
  path: Assets/BigManJD/Platformer Tileset - Pixelart Grasslands/Tile Palette/Tiles/DirtTiles_61.asset
  artifactKey: Guid(328867b17e3988949af2ae656658bdce) Importer(815301076,1909f56bfc062723c751e8b465ee728b)
Start importing Assets/BigManJD/Platformer Tileset - Pixelart Grasslands/Tile Palette/Tiles/DirtTiles_61.asset using Guid(328867b17e3988949af2ae656658bdce) Importer(815301076,1909f56bfc062723c751e8b465ee728b)  -> (artifact id: '8cd9ef62ad5d64a825786e1b06ab11c7') in 0.009691 seconds
Number of updated asset objects reloaded before import = 0
Number of asset objects unloaded after import = 3
========================================================================
Received Import Request.
  Time since last request: 0.000028 seconds.
  path: Assets/BigManJD/Platformer Tileset - Pixelart Grasslands/Tile Palette/Tiles/DirtTiles_27.asset
  artifactKey: Guid(4dd5333bce4781e48b6bc9dbd6fb206d) Importer(815301076,1909f56bfc062723c751e8b465ee728b)
Start importing Assets/BigManJD/Platformer Tileset - Pixelart Grasslands/Tile Palette/Tiles/DirtTiles_27.asset using Guid(4dd5333bce4781e48b6bc9dbd6fb206d) Importer(815301076,1909f56bfc062723c751e8b465ee728b)  -> (artifact id: '0e6581d8fd49f9bf842e780d6c6e5ed4') in 0.009456 seconds
Number of updated asset objects reloaded before import = 0
Number of asset objects unloaded after import = 3
========================================================================
Received Import Request.
  Time since last request: 0.000020 seconds.
  path: Assets/BigManJD/Platformer Tileset - Pixelart Grasslands/Tile Palette/Tiles/DirtBackgroundTiles_15.asset
  artifactKey: Guid(67daccb121f2e1745a92532d52e9566b) Importer(815301076,1909f56bfc062723c751e8b465ee728b)
Start importing Assets/BigManJD/Platformer Tileset - Pixelart Grasslands/Tile Palette/Tiles/DirtBackgroundTiles_15.asset using Guid(67daccb121f2e1745a92532d52e9566b) Importer(815301076,1909f56bfc062723c751e8b465ee728b)  -> (artifact id: 'ed2a5b030715e13e3dfaf2871cd17728') in 0.005352 seconds
Number of updated asset objects reloaded before import = 0
Number of asset objects unloaded after import = 3
========================================================================
Received Import Request.
  Time since last request: 0.000032 seconds.
  path: Assets/BigManJD/Platformer Tileset - Pixelart Grasslands/Tile Palette/Tiles/DirtTiles_75.asset
  artifactKey: Guid(c469fecfb1f095f4bbb5b52e3080f06b) Importer(815301076,1909f56bfc062723c751e8b465ee728b)
Start importing Assets/BigManJD/Platformer Tileset - Pixelart Grasslands/Tile Palette/Tiles/DirtTiles_75.asset using Guid(c469fecfb1f095f4bbb5b52e3080f06b) Importer(815301076,1909f56bfc062723c751e8b465ee728b)  -> (artifact id: '3a0b52b92342a98052404d0081bbd621') in 0.013075 seconds
Number of updated asset objects reloaded before import = 0
Number of asset objects unloaded after import = 3
========================================================================
Received Import Request.
  Time since last request: 0.000028 seconds.
  path: Assets/BigManJD/Platformer Tileset - Pixelart Grasslands/Tile Palette/Tiles/DirtTiles_18.asset
  artifactKey: Guid(3fee07461f5e8eb40a0f6cadb38ce299) Importer(815301076,1909f56bfc062723c751e8b465ee728b)
Start importing Assets/BigManJD/Platformer Tileset - Pixelart Grasslands/Tile Palette/Tiles/DirtTiles_18.asset using Guid(3fee07461f5e8eb40a0f6cadb38ce299) Importer(815301076,1909f56bfc062723c751e8b465ee728b)  -> (artifact id: '6045ae395747c8ee06d4812d62c28388') in 0.011746 seconds
Number of updated asset objects reloaded before import = 0
Number of asset objects unloaded after import = 3
========================================================================
Received Import Request.
  Time since last request: 0.000021 seconds.
  path: Assets/BigManJD/Platformer Tileset - Pixelart Grasslands/Tile Palette/Tiles/DirtTiles_53.asset
  artifactKey: Guid(d87d2bac32d96154ebb0c73636f573ce) Importer(815301076,1909f56bfc062723c751e8b465ee728b)
Start importing Assets/BigManJD/Platformer Tileset - Pixelart Grasslands/Tile Palette/Tiles/DirtTiles_53.asset using Guid(d87d2bac32d96154ebb0c73636f573ce) Importer(815301076,1909f56bfc062723c751e8b465ee728b)  -> (artifact id: '593427c65d12c34647557c31839bcbee') in 0.009511 seconds
Number of updated asset objects reloaded before import = 0
Number of asset objects unloaded after import = 3
========================================================================
Received Import Request.
  Time since last request: 0.000019 seconds.
  path: Assets/BigManJD/Platformer Tileset - Pixelart Grasslands/Tile Palette/Tiles/DirtTiles_64.asset
  artifactKey: Guid(a495028a0236e9e4081b0069beda42f5) Importer(815301076,1909f56bfc062723c751e8b465ee728b)
Start importing Assets/BigManJD/Platformer Tileset - Pixelart Grasslands/Tile Palette/Tiles/DirtTiles_64.asset using Guid(a495028a0236e9e4081b0069beda42f5) Importer(815301076,1909f56bfc062723c751e8b465ee728b)  -> (artifact id: 'd59d1447ad67a44dad0c997a7b2d936d') in 0.009697 seconds
Number of updated asset objects reloaded before import = 0
Number of asset objects unloaded after import = 3
========================================================================
Received Import Request.
  Time since last request: 0.000018 seconds.
  path: Assets/BigManJD/Platformer Tileset - Pixelart Grasslands/Tile Palette/Tiles/DirtBackgroundTiles_12.asset
  artifactKey: Guid(87a79123959cde64f8e7a7501f739e9f) Importer(815301076,1909f56bfc062723c751e8b465ee728b)
Start importing Assets/BigManJD/Platformer Tileset - Pixelart Grasslands/Tile Palette/Tiles/DirtBackgroundTiles_12.asset using Guid(87a79123959cde64f8e7a7501f739e9f) Importer(815301076,1909f56bfc062723c751e8b465ee728b)  -> (artifact id: 'e664145994a0264d4c4f240fb1699c13') in 0.010198 seconds
Number of updated asset objects reloaded before import = 0
Number of asset objects unloaded after import = 3
========================================================================
Received Import Request.
  Time since last request: 0.000023 seconds.
  path: Assets/BigManJD/Platformer Tileset - Pixelart Grasslands/Tile Palette/Tiles/DirtTiles_45.asset
  artifactKey: Guid(41bfa7a22b0a1084ba2f2dca2e73ab81) Importer(815301076,1909f56bfc062723c751e8b465ee728b)
Start importing Assets/BigManJD/Platformer Tileset - Pixelart Grasslands/Tile Palette/Tiles/DirtTiles_45.asset using Guid(41bfa7a22b0a1084ba2f2dca2e73ab81) Importer(815301076,1909f56bfc062723c751e8b465ee728b)  -> (artifact id: 'a858fee248770d54a23cb2d8ac5b0143') in 0.013274 seconds
Number of updated asset objects reloaded before import = 0
Number of asset objects unloaded after import = 3
========================================================================
Received Import Request.
  Time since last request: 0.000018 seconds.
  path: Assets/BigManJD/Platformer Tileset - Pixelart Grasslands/Tile Palette/Tiles/DirtBackgroundTiles_13.asset
  artifactKey: Guid(d5291ae61f8e3434588df422dae2aa4a) Importer(815301076,1909f56bfc062723c751e8b465ee728b)
Start importing Assets/BigManJD/Platformer Tileset - Pixelart Grasslands/Tile Palette/Tiles/DirtBackgroundTiles_13.asset using Guid(d5291ae61f8e3434588df422dae2aa4a) Importer(815301076,1909f56bfc062723c751e8b465ee728b)  -> (artifact id: 'd3bdca95dbc813ba73a3fd2ed6282896') in 0.004749 seconds
Number of updated asset objects reloaded before import = 0
Number of asset objects unloaded after import = 3
========================================================================
Received Import Request.
  Time since last request: 0.000021 seconds.
  path: Assets/BigManJD/Platformer Tileset - Pixelart Grasslands/Tile Palette/Tiles/DirtTiles_35.asset
  artifactKey: Guid(f1bfe2b6d08f0bd4e83913ffc6ea38c0) Importer(815301076,1909f56bfc062723c751e8b465ee728b)
Start importing Assets/BigManJD/Platformer Tileset - Pixelart Grasslands/Tile Palette/Tiles/DirtTiles_35.asset using Guid(f1bfe2b6d08f0bd4e83913ffc6ea38c0) Importer(815301076,1909f56bfc062723c751e8b465ee728b)  -> (artifact id: '348e5a3793674f6a6e1c9550b982c59b') in 0.009798 seconds
Number of updated asset objects reloaded before import = 0
Number of asset objects unloaded after import = 3
========================================================================
Received Import Request.
  Time since last request: 0.000035 seconds.
  path: Assets/BigManJD/Platformer Tileset - Pixelart Grasslands/Tile Palette/Tiles/DirtTiles_50.asset
  artifactKey: Guid(009b27859b12ac045b73d166e7bb5bde) Importer(815301076,1909f56bfc062723c751e8b465ee728b)
Start importing Assets/BigManJD/Platformer Tileset - Pixelart Grasslands/Tile Palette/Tiles/DirtTiles_50.asset using Guid(009b27859b12ac045b73d166e7bb5bde) Importer(815301076,1909f56bfc062723c751e8b465ee728b)  -> (artifact id: '6353f02170dc9492b21fc8e04f01edfc') in 0.005797 seconds
Number of updated asset objects reloaded before import = 0
Number of asset objects unloaded after import = 3
========================================================================
Received Import Request.
  Time since last request: 0.000018 seconds.
  path: Assets/BigManJD/Platformer Tileset - Pixelart Grasslands/Tile Palette/Tiles/DirtTiles_65.asset
  artifactKey: Guid(34ea4951d47c4734d8b66eccc19f94ca) Importer(815301076,1909f56bfc062723c751e8b465ee728b)
Start importing Assets/BigManJD/Platformer Tileset - Pixelart Grasslands/Tile Palette/Tiles/DirtTiles_65.asset using Guid(34ea4951d47c4734d8b66eccc19f94ca) Importer(815301076,1909f56bfc062723c751e8b465ee728b)  -> (artifact id: 'ca6bf7173b00ce04a500110163ba9039') in 0.010448 seconds
Number of updated asset objects reloaded before import = 0
Number of asset objects unloaded after import = 3
========================================================================
Received Import Request.
  Time since last request: 0.000021 seconds.
  path: Assets/BigManJD/Platformer Tileset - Pixelart Grasslands/Tile Palette/Tiles/DirtTiles_58.asset
  artifactKey: Guid(3f259bb6cd0887c4dbe45d0301af36e4) Importer(815301076,1909f56bfc062723c751e8b465ee728b)
Start importing Assets/BigManJD/Platformer Tileset - Pixelart Grasslands/Tile Palette/Tiles/DirtTiles_58.asset using Guid(3f259bb6cd0887c4dbe45d0301af36e4) Importer(815301076,1909f56bfc062723c751e8b465ee728b)  -> (artifact id: '84d9479c47e2e68496808cf96e5c1a1d') in 0.006101 seconds
Number of updated asset objects reloaded before import = 0
Number of asset objects unloaded after import = 3
========================================================================
Received Import Request.
  Time since last request: 0.000025 seconds.
  path: Assets/BigManJD/Platformer Tileset - Pixelart Grasslands/Tile Palette/Tiles/DirtBackgroundTiles_24.asset
  artifactKey: Guid(aed93102cb427544cad9b131b20e1c3c) Importer(815301076,1909f56bfc062723c751e8b465ee728b)
Start importing Assets/BigManJD/Platformer Tileset - Pixelart Grasslands/Tile Palette/Tiles/DirtBackgroundTiles_24.asset using Guid(aed93102cb427544cad9b131b20e1c3c) Importer(815301076,1909f56bfc062723c751e8b465ee728b)  -> (artifact id: '0a282c83e0faaae23722f7d76b7c7b31') in 0.010174 seconds
Number of updated asset objects reloaded before import = 0
Number of asset objects unloaded after import = 3
========================================================================
Received Import Request.
  Time since last request: 0.000025 seconds.
  path: Assets/BigManJD/Platformer Tileset - Pixelart Grasslands/Tile Palette/Tiles/DirtTiles_41.asset
  artifactKey: Guid(8a304e1f4e351ed4d8657043e4b9124c) Importer(815301076,1909f56bfc062723c751e8b465ee728b)
Start importing Assets/BigManJD/Platformer Tileset - Pixelart Grasslands/Tile Palette/Tiles/DirtTiles_41.asset using Guid(8a304e1f4e351ed4d8657043e4b9124c) Importer(815301076,1909f56bfc062723c751e8b465ee728b)  -> (artifact id: '7e17114400b1a97aec64a27a0dd42f51') in 0.005572 seconds
Number of updated asset objects reloaded before import = 0
Number of asset objects unloaded after import = 3
========================================================================
Received Import Request.
  Time since last request: 0.000025 seconds.
  path: Assets/BigManJD/Platformer Tileset - Pixelart Grasslands/Tile Palette/Tiles/DirtTiles_6.asset
  artifactKey: Guid(326453df5f51ddf45b4cb576577d943b) Importer(815301076,1909f56bfc062723c751e8b465ee728b)
Start importing Assets/BigManJD/Platformer Tileset - Pixelart Grasslands/Tile Palette/Tiles/DirtTiles_6.asset using Guid(326453df5f51ddf45b4cb576577d943b) Importer(815301076,1909f56bfc062723c751e8b465ee728b)  -> (artifact id: '7a8f573b14df7a89c40c3613b152ff0c') in 0.010527 seconds
Number of updated asset objects reloaded before import = 0
Number of asset objects unloaded after import = 3
========================================================================
Received Import Request.
  Time since last request: 0.000019 seconds.
  path: Assets/BigManJD/Platformer Tileset - Pixelart Grasslands/Tile Palette/Tiles/DirtBackgroundTiles_29.asset
  artifactKey: Guid(8bf10846b8f75ee46a6beca66cc53550) Importer(815301076,1909f56bfc062723c751e8b465ee728b)
Start importing Assets/BigManJD/Platformer Tileset - Pixelart Grasslands/Tile Palette/Tiles/DirtBackgroundTiles_29.asset using Guid(8bf10846b8f75ee46a6beca66cc53550) Importer(815301076,1909f56bfc062723c751e8b465ee728b)  -> (artifact id: '8054aa63a0fc884615acc1bedce4815b') in 0.007163 seconds
Number of updated asset objects reloaded before import = 0
Number of asset objects unloaded after import = 3
========================================================================
Received Import Request.
  Time since last request: 0.000019 seconds.
  path: Assets/BigManJD/Platformer Tileset - Pixelart Grasslands/Tile Palette/Tiles/DirtTiles_21.asset
  artifactKey: Guid(9c6312041cf15a942a6b9cdef9415838) Importer(815301076,1909f56bfc062723c751e8b465ee728b)
Start importing Assets/BigManJD/Platformer Tileset - Pixelart Grasslands/Tile Palette/Tiles/DirtTiles_21.asset using Guid(9c6312041cf15a942a6b9cdef9415838) Importer(815301076,1909f56bfc062723c751e8b465ee728b)  -> (artifact id: '25abc1febd0c9a852789be95c40b44e1') in 0.009988 seconds
Number of updated asset objects reloaded before import = 0
Number of asset objects unloaded after import = 3
========================================================================
Received Import Request.
  Time since last request: 0.000019 seconds.
  path: Assets/BigManJD/Platformer Tileset - Pixelart Grasslands/Tile Palette/Tiles/DirtTiles_47.asset
  artifactKey: Guid(1fec558a9fc89c44da1d49f56a6cd6fe) Importer(815301076,1909f56bfc062723c751e8b465ee728b)
Start importing Assets/BigManJD/Platformer Tileset - Pixelart Grasslands/Tile Palette/Tiles/DirtTiles_47.asset using Guid(1fec558a9fc89c44da1d49f56a6cd6fe) Importer(815301076,1909f56bfc062723c751e8b465ee728b)  -> (artifact id: '6272b6c9cf18c541ab6ffa01574b2944') in 0.010849 seconds
Number of updated asset objects reloaded before import = 0
Number of asset objects unloaded after import = 3
========================================================================
Received Import Request.
  Time since last request: 0.000023 seconds.
  path: Assets/BigManJD/Platformer Tileset - Pixelart Grasslands/Tile Palette/Tiles/DirtTiles_10.asset
  artifactKey: Guid(e34e4554f1592404ab9900afdb78087d) Importer(815301076,1909f56bfc062723c751e8b465ee728b)
Start importing Assets/BigManJD/Platformer Tileset - Pixelart Grasslands/Tile Palette/Tiles/DirtTiles_10.asset using Guid(e34e4554f1592404ab9900afdb78087d) Importer(815301076,1909f56bfc062723c751e8b465ee728b)  -> (artifact id: 'adc5452962600f60780cc349d36c9abf') in 0.010770 seconds
Number of updated asset objects reloaded before import = 0
Number of asset objects unloaded after import = 3
========================================================================
Received Import Request.
  Time since last request: 0.000020 seconds.
  path: Assets/BigManJD/Platformer Tileset - Pixelart Grasslands/Tile Palette/Tiles/DirtBackgroundTiles_38.asset
  artifactKey: Guid(8098aa22e8127f644b88006f2f819018) Importer(815301076,1909f56bfc062723c751e8b465ee728b)
Start importing Assets/BigManJD/Platformer Tileset - Pixelart Grasslands/Tile Palette/Tiles/DirtBackgroundTiles_38.asset using Guid(8098aa22e8127f644b88006f2f819018) Importer(815301076,1909f56bfc062723c751e8b465ee728b)  -> (artifact id: '1e1eeb39897f79cc4f4b99c43fecae19') in 0.012426 seconds
Number of updated asset objects reloaded before import = 0
Number of asset objects unloaded after import = 3
========================================================================
Received Import Request.
  Time since last request: 0.000025 seconds.
  path: Assets/BigManJD/Platformer Tileset - Pixelart Grasslands/Tile Palette/Tiles/DirtTiles_3.asset
  artifactKey: Guid(61d50793e252c5149906b2e2295535da) Importer(815301076,1909f56bfc062723c751e8b465ee728b)
Start importing Assets/BigManJD/Platformer Tileset - Pixelart Grasslands/Tile Palette/Tiles/DirtTiles_3.asset using Guid(61d50793e252c5149906b2e2295535da) Importer(815301076,1909f56bfc062723c751e8b465ee728b)  -> (artifact id: 'eba162ddfbe53b7c09e401d17e2a7250') in 0.013449 seconds
Number of updated asset objects reloaded before import = 0
Number of asset objects unloaded after import = 3
========================================================================
Received Import Request.
  Time since last request: 0.000030 seconds.
  path: Assets/BigManJD/Platformer Tileset - Pixelart Grasslands/Tile Palette/Tiles/DirtTiles_70.asset
  artifactKey: Guid(d7a270ef85c3b944bb2511f7cc04f967) Importer(815301076,1909f56bfc062723c751e8b465ee728b)
Start importing Assets/BigManJD/Platformer Tileset - Pixelart Grasslands/Tile Palette/Tiles/DirtTiles_70.asset using Guid(d7a270ef85c3b944bb2511f7cc04f967) Importer(815301076,1909f56bfc062723c751e8b465ee728b)  -> (artifact id: 'f09517323f66021333b3d57aa964d16e') in 0.006663 seconds
Number of updated asset objects reloaded before import = 0
Number of asset objects unloaded after import = 3
========================================================================
Received Import Request.
  Time since last request: 0.000033 seconds.
  path: Assets/BigManJD/Platformer Tileset - Pixelart Grasslands/Tile Palette/Tiles/DirtBackgroundTiles_5.asset
  artifactKey: Guid(beeeae3d876addb4ab2eeffc361b2760) Importer(815301076,1909f56bfc062723c751e8b465ee728b)
Start importing Assets/BigManJD/Platformer Tileset - Pixelart Grasslands/Tile Palette/Tiles/DirtBackgroundTiles_5.asset using Guid(beeeae3d876addb4ab2eeffc361b2760) Importer(815301076,1909f56bfc062723c751e8b465ee728b)  -> (artifact id: 'b876da659669ce7ebb8348a7686863ed') in 0.010164 seconds
Number of updated asset objects reloaded before import = 0
Number of asset objects unloaded after import = 3
========================================================================
Received Import Request.
  Time since last request: 0.000024 seconds.
  path: Assets/BigManJD/Platformer Tileset - Pixelart Grasslands/Tile Palette/Tiles/DirtTiles_69.asset
  artifactKey: Guid(8f39f76a328d0374290a63a2caa85ed3) Importer(815301076,1909f56bfc062723c751e8b465ee728b)
Start importing Assets/BigManJD/Platformer Tileset - Pixelart Grasslands/Tile Palette/Tiles/DirtTiles_69.asset using Guid(8f39f76a328d0374290a63a2caa85ed3) Importer(815301076,1909f56bfc062723c751e8b465ee728b)  -> (artifact id: 'c9bec85570e10cd84cd7c5ab647c0b83') in 0.005620 seconds
Number of updated asset objects reloaded before import = 0
Number of asset objects unloaded after import = 3
========================================================================
Received Import Request.
  Time since last request: 0.000023 seconds.
  path: Assets/BigManJD/Platformer Tileset - Pixelart Grasslands/Tile Palette/Tiles/DirtBackgroundTiles_8.asset
  artifactKey: Guid(1a0c9f0f629898443a8c152ab8edbdee) Importer(815301076,1909f56bfc062723c751e8b465ee728b)
Start importing Assets/BigManJD/Platformer Tileset - Pixelart Grasslands/Tile Palette/Tiles/DirtBackgroundTiles_8.asset using Guid(1a0c9f0f629898443a8c152ab8edbdee) Importer(815301076,1909f56bfc062723c751e8b465ee728b)  -> (artifact id: 'c6f0872afc87f4e2af5765699f889107') in 0.010921 seconds
Number of updated asset objects reloaded before import = 0
Number of asset objects unloaded after import = 3
========================================================================
Received Import Request.
  Time since last request: 0.000018 seconds.
  path: Assets/BigManJD/Platformer Tileset - Pixelart Grasslands/Tile Palette/Tiles/DirtBackgroundTiles_41.asset
  artifactKey: Guid(07431814a355f0e40a96e4075a14c08c) Importer(815301076,1909f56bfc062723c751e8b465ee728b)
Start importing Assets/BigManJD/Platformer Tileset - Pixelart Grasslands/Tile Palette/Tiles/DirtBackgroundTiles_41.asset using Guid(07431814a355f0e40a96e4075a14c08c) Importer(815301076,1909f56bfc062723c751e8b465ee728b)  -> (artifact id: '2c3ca7a812cb2fc70aa73bfde2383b7e') in 0.012229 seconds
Number of updated asset objects reloaded before import = 0
Number of asset objects unloaded after import = 3
========================================================================
Received Import Request.
  Time since last request: 0.000025 seconds.
  path: Assets/BigManJD/Platformer Tileset - Pixelart Grasslands/Tile Palette/Tiles/DirtBackgroundTiles_14.asset
  artifactKey: Guid(5a1eb3fc8be9152439b9ec9b309b0ec2) Importer(815301076,1909f56bfc062723c751e8b465ee728b)
Start importing Assets/BigManJD/Platformer Tileset - Pixelart Grasslands/Tile Palette/Tiles/DirtBackgroundTiles_14.asset using Guid(5a1eb3fc8be9152439b9ec9b309b0ec2) Importer(815301076,1909f56bfc062723c751e8b465ee728b)  -> (artifact id: '04a9e290b604be5e6acd42e15cff639a') in 0.012094 seconds
Number of updated asset objects reloaded before import = 0
Number of asset objects unloaded after import = 3
========================================================================
Received Import Request.
  Time since last request: 0.000035 seconds.
  path: Assets/BigManJD/Platformer Tileset - Pixelart Grasslands/Tile Palette/Tiles/DirtTiles_66.asset
  artifactKey: Guid(ad37919e78945274eb127801c1a90bbd) Importer(815301076,1909f56bfc062723c751e8b465ee728b)
Start importing Assets/BigManJD/Platformer Tileset - Pixelart Grasslands/Tile Palette/Tiles/DirtTiles_66.asset using Guid(ad37919e78945274eb127801c1a90bbd) Importer(815301076,1909f56bfc062723c751e8b465ee728b)  -> (artifact id: 'e514a485e39959c9fe4c899d7305037d') in 0.013493 seconds
Number of updated asset objects reloaded before import = 0
Number of asset objects unloaded after import = 3
========================================================================
Received Import Request.
  Time since last request: 0.000020 seconds.
  path: Assets/BigManJD/Platformer Tileset - Pixelart Grasslands/Tile Palette/Tiles/DirtTiles_38.asset
  artifactKey: Guid(b4162b0ea33a12b4b8bdf79f7b2d3a60) Importer(815301076,1909f56bfc062723c751e8b465ee728b)
Start importing Assets/BigManJD/Platformer Tileset - Pixelart Grasslands/Tile Palette/Tiles/DirtTiles_38.asset using Guid(b4162b0ea33a12b4b8bdf79f7b2d3a60) Importer(815301076,1909f56bfc062723c751e8b465ee728b)  -> (artifact id: '7ef11ba0af2380b4ca715b6a872711e2') in 0.006825 seconds
Number of updated asset objects reloaded before import = 0
Number of asset objects unloaded after import = 3
========================================================================
Received Import Request.
  Time since last request: 0.000028 seconds.
  path: Assets/BigManJD/Platformer Tileset - Pixelart Grasslands/Tile Palette/Tiles/DirtBackgroundTiles_18.asset
  artifactKey: Guid(249abfd80892d304a94ae82b6a28a3aa) Importer(815301076,1909f56bfc062723c751e8b465ee728b)
Start importing Assets/BigManJD/Platformer Tileset - Pixelart Grasslands/Tile Palette/Tiles/DirtBackgroundTiles_18.asset using Guid(249abfd80892d304a94ae82b6a28a3aa) Importer(815301076,1909f56bfc062723c751e8b465ee728b)  -> (artifact id: '737598b5ca494a239f9ee34d36fd7369') in 0.011995 seconds
Number of updated asset objects reloaded before import = 0
Number of asset objects unloaded after import = 3
========================================================================
Received Import Request.
  Time since last request: 0.000023 seconds.
  path: Assets/BigManJD/Platformer Tileset - Pixelart Grasslands/Tile Palette/Tiles/DirtBackgroundTiles_43.asset
  artifactKey: Guid(401e39cf55193ac4ba2f4540c3d135b3) Importer(815301076,1909f56bfc062723c751e8b465ee728b)
Start importing Assets/BigManJD/Platformer Tileset - Pixelart Grasslands/Tile Palette/Tiles/DirtBackgroundTiles_43.asset using Guid(401e39cf55193ac4ba2f4540c3d135b3) Importer(815301076,1909f56bfc062723c751e8b465ee728b)  -> (artifact id: 'f1e6acce31b441474db44b22afa6052e') in 0.011532 seconds
Number of updated asset objects reloaded before import = 0
Number of asset objects unloaded after import = 3
========================================================================
Received Import Request.
  Time since last request: 0.000025 seconds.
  path: Assets/BigManJD/Platformer Tileset - Pixelart Grasslands/Tile Palette/Tiles/DirtBackgroundTiles_33.asset
  artifactKey: Guid(52fa74fe036365547bcfd17fea9b989b) Importer(815301076,1909f56bfc062723c751e8b465ee728b)
Start importing Assets/BigManJD/Platformer Tileset - Pixelart Grasslands/Tile Palette/Tiles/DirtBackgroundTiles_33.asset using Guid(52fa74fe036365547bcfd17fea9b989b) Importer(815301076,1909f56bfc062723c751e8b465ee728b)  -> (artifact id: 'b90d2feceb5f86b60f43e2d45d4a5442') in 0.012872 seconds
Number of updated asset objects reloaded before import = 0
Number of asset objects unloaded after import = 3
========================================================================
Received Import Request.
  Time since last request: 0.000020 seconds.
  path: Assets/BigManJD/Platformer Tileset - Pixelart Grasslands/Tile Palette/Tiles/DirtTiles_73.asset
  artifactKey: Guid(e886a0bc3b5118c4688266272dc7b6dc) Importer(815301076,1909f56bfc062723c751e8b465ee728b)
Start importing Assets/BigManJD/Platformer Tileset - Pixelart Grasslands/Tile Palette/Tiles/DirtTiles_73.asset using Guid(e886a0bc3b5118c4688266272dc7b6dc) Importer(815301076,1909f56bfc062723c751e8b465ee728b)  -> (artifact id: 'ea073be479af8235edc1a500377d0061') in 0.011709 seconds
Number of updated asset objects reloaded before import = 0
Number of asset objects unloaded after import = 3
========================================================================
Received Import Request.
  Time since last request: 0.000021 seconds.
  path: Assets/BigManJD/Platformer Tileset - Pixelart Grasslands/Tile Palette/Tiles/DirtBackgroundTiles_37.asset
  artifactKey: Guid(910084d564f9539419a1badd016a6427) Importer(815301076,1909f56bfc062723c751e8b465ee728b)
Start importing Assets/BigManJD/Platformer Tileset - Pixelart Grasslands/Tile Palette/Tiles/DirtBackgroundTiles_37.asset using Guid(910084d564f9539419a1badd016a6427) Importer(815301076,1909f56bfc062723c751e8b465ee728b)  -> (artifact id: 'ecff802d4562982b3206341a80ae5392') in 0.005323 seconds
Number of updated asset objects reloaded before import = 0
Number of asset objects unloaded after import = 3
========================================================================
Received Import Request.
  Time since last request: 0.000026 seconds.
  path: Assets/BigManJD/Platformer Tileset - Pixelart Grasslands/Tile Palette/Tiles/DirtBackgroundTiles_28.asset
  artifactKey: Guid(073a4b3092131b245b11858fb937bd30) Importer(815301076,1909f56bfc062723c751e8b465ee728b)
Start importing Assets/BigManJD/Platformer Tileset - Pixelart Grasslands/Tile Palette/Tiles/DirtBackgroundTiles_28.asset using Guid(073a4b3092131b245b11858fb937bd30) Importer(815301076,1909f56bfc062723c751e8b465ee728b)  -> (artifact id: 'e8a89a2cc931008c14315987f9a673a9') in 0.011942 seconds
Number of updated asset objects reloaded before import = 0
Number of asset objects unloaded after import = 3
========================================================================
Received Import Request.
  Time since last request: 0.000023 seconds.
  path: Assets/BigManJD/Platformer Tileset - Pixelart Grasslands/Tile Palette/Tiles/DirtTiles_74.asset
  artifactKey: Guid(c67c2b6ca80025c40aa557bca8b81538) Importer(815301076,1909f56bfc062723c751e8b465ee728b)
Start importing Assets/BigManJD/Platformer Tileset - Pixelart Grasslands/Tile Palette/Tiles/DirtTiles_74.asset using Guid(c67c2b6ca80025c40aa557bca8b81538) Importer(815301076,1909f56bfc062723c751e8b465ee728b)  -> (artifact id: 'c66861756ebb1812e427d7c471a95892') in 0.010910 seconds
Number of updated asset objects reloaded before import = 0
Number of asset objects unloaded after import = 3
========================================================================
Received Import Request.
  Time since last request: 0.000020 seconds.
  path: Assets/BigManJD/Platformer Tileset - Pixelart Grasslands/Tile Palette/Tiles/DirtTiles_32.asset
  artifactKey: Guid(ce4dc868da3fa8248ab7d4ec92d9a5d8) Importer(815301076,1909f56bfc062723c751e8b465ee728b)
Start importing Assets/BigManJD/Platformer Tileset - Pixelart Grasslands/Tile Palette/Tiles/DirtTiles_32.asset using Guid(ce4dc868da3fa8248ab7d4ec92d9a5d8) Importer(815301076,1909f56bfc062723c751e8b465ee728b)  -> (artifact id: 'bb9a522533c1be2876b386650df97245') in 0.011212 seconds
Number of updated asset objects reloaded before import = 0
Number of asset objects unloaded after import = 3
========================================================================
Received Import Request.
  Time since last request: 0.000020 seconds.
  path: Assets/BigManJD/Platformer Tileset - Pixelart Grasslands/Tile Palette/Tiles/DirtBackgroundTiles_32.asset
  artifactKey: Guid(c18232be089e0c04a9a1d60343ee1a66) Importer(815301076,1909f56bfc062723c751e8b465ee728b)
Start importing Assets/BigManJD/Platformer Tileset - Pixelart Grasslands/Tile Palette/Tiles/DirtBackgroundTiles_32.asset using Guid(c18232be089e0c04a9a1d60343ee1a66) Importer(815301076,1909f56bfc062723c751e8b465ee728b)  -> (artifact id: '4367130e6a7749f9d7743037c09336fd') in 0.013572 seconds
Number of updated asset objects reloaded before import = 0
Number of asset objects unloaded after import = 3
========================================================================
Received Import Request.
  Time since last request: 0.000024 seconds.
  path: Assets/BigManJD/Platformer Tileset - Pixelart Grasslands/Tile Palette/Tiles/DirtTiles_17.asset
  artifactKey: Guid(33b339ca5515e734bb892e4376159e16) Importer(815301076,1909f56bfc062723c751e8b465ee728b)
Start importing Assets/BigManJD/Platformer Tileset - Pixelart Grasslands/Tile Palette/Tiles/DirtTiles_17.asset using Guid(33b339ca5515e734bb892e4376159e16) Importer(815301076,1909f56bfc062723c751e8b465ee728b)  -> (artifact id: '718180fcf7719bffe1db1db0bc73c0a6') in 0.012962 seconds
Number of updated asset objects reloaded before import = 0
Number of asset objects unloaded after import = 3
========================================================================
Received Import Request.
  Time since last request: 0.000043 seconds.
  path: Assets/BigManJD/Platformer Tileset - Pixelart Grasslands/Tile Palette/Tiles/DirtTiles_48.asset
  artifactKey: Guid(16fed9c63bdbd7049b2d07bc52825d3f) Importer(815301076,1909f56bfc062723c751e8b465ee728b)
Start importing Assets/BigManJD/Platformer Tileset - Pixelart Grasslands/Tile Palette/Tiles/DirtTiles_48.asset using Guid(16fed9c63bdbd7049b2d07bc52825d3f) Importer(815301076,1909f56bfc062723c751e8b465ee728b)  -> (artifact id: 'b06172c630afd0d78f89519a1f8dd90d') in 0.005843 seconds
Number of updated asset objects reloaded before import = 0
Number of asset objects unloaded after import = 3
========================================================================
Received Import Request.
  Time since last request: 0.000023 seconds.
  path: Assets/BigManJD/Platformer Tileset - Pixelart Grasslands/Tile Palette/Tiles/DirtBackgroundTiles_16.asset
  artifactKey: Guid(71ef291c9d7da194db9ac6e209ccb8cf) Importer(815301076,1909f56bfc062723c751e8b465ee728b)
Start importing Assets/BigManJD/Platformer Tileset - Pixelart Grasslands/Tile Palette/Tiles/DirtBackgroundTiles_16.asset using Guid(71ef291c9d7da194db9ac6e209ccb8cf) Importer(815301076,1909f56bfc062723c751e8b465ee728b)  -> (artifact id: '4239e305b90ab198d8f465903c1d5bdf') in 0.010710 seconds
Number of updated asset objects reloaded before import = 0
Number of asset objects unloaded after import = 3
========================================================================
Received Import Request.
  Time since last request: 0.000024 seconds.
  path: Assets/BigManJD/Platformer Tileset - Pixelart Grasslands/Tile Palette/Tiles/DirtTiles_60.asset
  artifactKey: Guid(59947b10aa6636f45be70ac03337a3e2) Importer(815301076,1909f56bfc062723c751e8b465ee728b)
Start importing Assets/BigManJD/Platformer Tileset - Pixelart Grasslands/Tile Palette/Tiles/DirtTiles_60.asset using Guid(59947b10aa6636f45be70ac03337a3e2) Importer(815301076,1909f56bfc062723c751e8b465ee728b)  -> (artifact id: 'dcea071fb59a80370f99b53fe414fab0') in 0.005318 seconds
Number of updated asset objects reloaded before import = 0
Number of asset objects unloaded after import = 3
========================================================================
Received Import Request.
  Time since last request: 0.000034 seconds.
  path: Assets/BigManJD/Platformer Tileset - Pixelart Grasslands/Tile Palette/Tiles/DirtTiles_16.asset
  artifactKey: Guid(53ee903292f04824ca1f1482653b7f1c) Importer(815301076,1909f56bfc062723c751e8b465ee728b)
Start importing Assets/BigManJD/Platformer Tileset - Pixelart Grasslands/Tile Palette/Tiles/DirtTiles_16.asset using Guid(53ee903292f04824ca1f1482653b7f1c) Importer(815301076,1909f56bfc062723c751e8b465ee728b)  -> (artifact id: 'bbc9200f189ecad6968a0fc095a8a63b') in 0.011484 seconds
Number of updated asset objects reloaded before import = 0
Number of asset objects unloaded after import = 3
========================================================================
Received Import Request.
  Time since last request: 0.000017 seconds.
  path: Assets/BigManJD/Platformer Tileset - Pixelart Grasslands/Tile Palette/Tiles/DirtTiles_52.asset
  artifactKey: Guid(8ba646294e3901d43afee29d3407f652) Importer(815301076,1909f56bfc062723c751e8b465ee728b)
Start importing Assets/BigManJD/Platformer Tileset - Pixelart Grasslands/Tile Palette/Tiles/DirtTiles_52.asset using Guid(8ba646294e3901d43afee29d3407f652) Importer(815301076,1909f56bfc062723c751e8b465ee728b)  -> (artifact id: '72397136ca51a80ef02ab2ce1159761e') in 0.011173 seconds
Number of updated asset objects reloaded before import = 0
Number of asset objects unloaded after import = 3
========================================================================
Received Import Request.
  Time since last request: 0.000022 seconds.
  path: Assets/BigManJD/Platformer Tileset - Pixelart Grasslands/Tile Palette/Tiles/DirtTiles_23.asset
  artifactKey: Guid(6cdf234b23c203945869a8dd445597b9) Importer(815301076,1909f56bfc062723c751e8b465ee728b)
Start importing Assets/BigManJD/Platformer Tileset - Pixelart Grasslands/Tile Palette/Tiles/DirtTiles_23.asset using Guid(6cdf234b23c203945869a8dd445597b9) Importer(815301076,1909f56bfc062723c751e8b465ee728b)  -> (artifact id: 'e79647eb57783da9d1ea8f2db03f70ce') in 0.013690 seconds
Number of updated asset objects reloaded before import = 0
Number of asset objects unloaded after import = 3
Editor requested this worker to shutdown with reason: Scaling down because of idle timeout
TcpMessagingSession - receive error: operation aborted. errorcode: 995, details: The I/O operation has been aborted because of either a thread exit or an application request.
AssetImportWorker is now disconnected from the server
Process exiting
Exiting without the bug reporter. Application will terminate with return code 0